   1              		.file	"callwrap.c"
   2              		.text
   3              	.Ltext0:
   4              		.cfi_sections	.debug_frame
   5              		.file 0 "C:/Users/victim/source/repos/Paranyok/UEFI/Backend" "C:/Users/victim/source/repos/Paranyo
   6              	.Letext0:
   7              		.section	.debug_info,"dr"
   8              	.Ldebug_info0:
   9 0000 1E010000 		.long	0x11e
  10 0004 0500     		.word	0x5
  11 0006 01       		.byte	0x1
  12 0007 08       		.byte	0x8
  13 0008 00000000 		.secrel32	.Ldebug_abbrev0
  14 000c 01       		.uleb128 0x1
  15 000d 474E5520 		.ascii "GNU C11 14.2.0 -mno-stack-arg-probe -m64 -mno-red-zone -maccumulate-outgoing-args -mtune=g
  15      43313120 
  15      31342E32 
  15      2E30202D 
  15      6D6E6F2D 
  16 0111 1D       		.byte	0x1d
  17 0112 00000000 		.secrel32	.LASF0
  18 0116 58000000 		.secrel32	.LASF1
  19 011a 00000000 		.secrel32	.Ldebug_line0
  20 011e 00000000 		.secrel32	.Ldebug_macro0
  21              		.section	.debug_abbrev,"dr"
  22              	.Ldebug_abbrev0:
  23 0000 01       		.uleb128 0x1
  24 0001 11       		.uleb128 0x11
  25 0002 00       		.byte	0
  26 0003 25       		.uleb128 0x25
  27 0004 08       		.uleb128 0x8
  28 0005 13       		.uleb128 0x13
  29 0006 0B       		.uleb128 0xb
  30 0007 03       		.uleb128 0x3
  31 0008 1F       		.uleb128 0x1f
  32 0009 1B       		.uleb128 0x1b
  33 000a 1F       		.uleb128 0x1f
  34 000b 10       		.uleb128 0x10
  35 000c 17       		.uleb128 0x17
  36 000d 79       		.uleb128 0x79
  37 000e 17       		.uleb128 0x17
  38 000f 00       		.byte	0
  39 0010 00       		.byte	0
  40 0011 00       		.byte	0
  41              		.section	.debug_aranges,"dr"
  42 0000 1C000000 		.long	0x1c
  43 0004 0200     		.word	0x2
  44 0006 00000000 		.secrel32	.Ldebug_info0
  45 000a 08       		.byte	0x8
  46 000b 00       		.byte	0
  47 000c 0000     		.word	0
  48 000e 0000     		.word	0
  49 0010 00000000 		.quad	0
  49      00000000 
  50 0018 00000000 		.quad	0
  50      00000000 
  51              		.section	.debug_macro,"dr"
  52              	.Ldebug_macro0:
  53 0000 0500     		.word	0x5
  54 0002 02       		.byte	0x2
  55 0003 00000000 		.secrel32	.Ldebug_line0
  56 0007 01       		.byte	0x1
  57 0008 00       		.uleb128 0
  58 0009 5F5F5354 		.ascii "__STDC__ 1\0"
  58      44435F5F 
  58      203100
  59 0014 01       		.byte	0x1
  60 0015 00       		.uleb128 0
  61 0016 5F5F5354 		.ascii "__STDC_VERSION__ 201112L\0"
  61      44435F56 
  61      45525349 
  61      4F4E5F5F 
  61      20323031 
  62 002f 01       		.byte	0x1
  63 0030 00       		.uleb128 0
  64 0031 5F5F5354 		.ascii "__STDC_UTF_16__ 1\0"
  64      44435F55 
  64      54465F31 
  64      365F5F20 
  64      3100
  65 0043 01       		.byte	0x1
  66 0044 00       		.uleb128 0
  67 0045 5F5F5354 		.ascii "__STDC_UTF_32__ 1\0"
  67      44435F55 
  67      54465F33 
  67      325F5F20 
  67      3100
  68 0057 01       		.byte	0x1
  69 0058 00       		.uleb128 0
  70 0059 5F5F5354 		.ascii "__STDC_HOSTED__ 0\0"
  70      44435F48 
  70      4F535445 
  70      445F5F20 
  70      3000
  71 006b 01       		.byte	0x1
  72 006c 00       		.uleb128 0
  73 006d 5F5F474E 		.ascii "__GNUC__ 14\0"
  73      55435F5F 
  73      20313400 
  74 0079 01       		.byte	0x1
  75 007a 00       		.uleb128 0
  76 007b 5F5F474E 		.ascii "__GNUC_MINOR__ 2\0"
  76      55435F4D 
  76      494E4F52 
  76      5F5F2032 
  76      00
  77 008c 01       		.byte	0x1
  78 008d 00       		.uleb128 0
  79 008e 5F5F474E 		.ascii "__GNUC_PATCHLEVEL__ 0\0"
  79      55435F50 
  79      41544348 
  79      4C455645 
  79      4C5F5F20 
  80 00a4 01       		.byte	0x1
  81 00a5 00       		.uleb128 0
  82 00a6 5F5F5645 		.ascii "__VERSION__ \"14.2.0\"\0"
  82      5253494F 
  82      4E5F5F20 
  82      2231342E 
  82      322E3022 
  83 00bb 01       		.byte	0x1
  84 00bc 00       		.uleb128 0
  85 00bd 5F5F4154 		.ascii "__ATOMIC_RELAXED 0\0"
  85      4F4D4943 
  85      5F52454C 
  85      41584544 
  85      203000
  86 00d0 01       		.byte	0x1
  87 00d1 00       		.uleb128 0
  88 00d2 5F5F4154 		.ascii "__ATOMIC_SEQ_CST 5\0"
  88      4F4D4943 
  88      5F534551 
  88      5F435354 
  88      203500
  89 00e5 01       		.byte	0x1
  90 00e6 00       		.uleb128 0
  91 00e7 5F5F4154 		.ascii "__ATOMIC_ACQUIRE 2\0"
  91      4F4D4943 
  91      5F414351 
  91      55495245 
  91      203200
  92 00fa 01       		.byte	0x1
  93 00fb 00       		.uleb128 0
  94 00fc 5F5F4154 		.ascii "__ATOMIC_RELEASE 3\0"
  94      4F4D4943 
  94      5F52454C 
  94      45415345 
  94      203300
  95 010f 01       		.byte	0x1
  96 0110 00       		.uleb128 0
  97 0111 5F5F4154 		.ascii "__ATOMIC_ACQ_REL 4\0"
  97      4F4D4943 
  97      5F414351 
  97      5F52454C 
  97      203400
  98 0124 01       		.byte	0x1
  99 0125 00       		.uleb128 0
 100 0126 5F5F4154 		.ascii "__ATOMIC_CONSUME 1\0"
 100      4F4D4943 
 100      5F434F4E 
 100      53554D45 
 100      203100
 101 0139 01       		.byte	0x1
 102 013a 00       		.uleb128 0
 103 013b 5F5F7069 		.ascii "__pic__ 1\0"
 103      635F5F20 
 103      3100
 104 0145 01       		.byte	0x1
 105 0146 00       		.uleb128 0
 106 0147 5F5F5049 		.ascii "__PIC__ 1\0"
 106      435F5F20 
 106      3100
 107 0151 01       		.byte	0x1
 108 0152 00       		.uleb128 0
 109 0153 5F5F4F50 		.ascii "__OPTIMIZE__ 1\0"
 109      54494D49 
 109      5A455F5F 
 109      203100
 110 0162 01       		.byte	0x1
 111 0163 00       		.uleb128 0
 112 0164 5F5F4649 		.ascii "__FINITE_MATH_ONLY__ 0\0"
 112      4E495445 
 112      5F4D4154 
 112      485F4F4E 
 112      4C595F5F 
 113 017b 01       		.byte	0x1
 114 017c 00       		.uleb128 0
 115 017d 5F5F5349 		.ascii "__SIZEOF_INT__ 4\0"
 115      5A454F46 
 115      5F494E54 
 115      5F5F2034 
 115      00
 116 018e 01       		.byte	0x1
 117 018f 00       		.uleb128 0
 118 0190 5F5F5349 		.ascii "__SIZEOF_LONG__ 4\0"
 118      5A454F46 
 118      5F4C4F4E 
 118      475F5F20 
 118      3400
 119 01a2 01       		.byte	0x1
 120 01a3 00       		.uleb128 0
 121 01a4 5F5F5349 		.ascii "__SIZEOF_LONG_LONG__ 8\0"
 121      5A454F46 
 121      5F4C4F4E 
 121      475F4C4F 
 121      4E475F5F 
 122 01bb 01       		.byte	0x1
 123 01bc 00       		.uleb128 0
 124 01bd 5F5F5349 		.ascii "__SIZEOF_SHORT__ 2\0"
 124      5A454F46 
 124      5F53484F 
 124      52545F5F 
 124      203200
 125 01d0 01       		.byte	0x1
 126 01d1 00       		.uleb128 0
 127 01d2 5F5F5349 		.ascii "__SIZEOF_FLOAT__ 4\0"
 127      5A454F46 
 127      5F464C4F 
 127      41545F5F 
 127      203400
 128 01e5 01       		.byte	0x1
 129 01e6 00       		.uleb128 0
 130 01e7 5F5F5349 		.ascii "__SIZEOF_DOUBLE__ 8\0"
 130      5A454F46 
 130      5F444F55 
 130      424C455F 
 130      5F203800 
 131 01fb 01       		.byte	0x1
 132 01fc 00       		.uleb128 0
 133 01fd 5F5F5349 		.ascii "__SIZEOF_LONG_DOUBLE__ 16\0"
 133      5A454F46 
 133      5F4C4F4E 
 133      475F444F 
 133      55424C45 
 134 0217 01       		.byte	0x1
 135 0218 00       		.uleb128 0
 136 0219 5F5F5349 		.ascii "__SIZEOF_SIZE_T__ 8\0"
 136      5A454F46 
 136      5F53495A 
 136      455F545F 
 136      5F203800 
 137 022d 01       		.byte	0x1
 138 022e 00       		.uleb128 0
 139 022f 5F5F4348 		.ascii "__CHAR_BIT__ 8\0"
 139      41525F42 
 139      49545F5F 
 139      203800
 140 023e 01       		.byte	0x1
 141 023f 00       		.uleb128 0
 142 0240 5F5F4249 		.ascii "__BIGGEST_ALIGNMENT__ 16\0"
 142      47474553 
 142      545F414C 
 142      49474E4D 
 142      454E545F 
 143 0259 01       		.byte	0x1
 144 025a 00       		.uleb128 0
 145 025b 5F5F4F52 		.ascii "__ORDER_LITTLE_ENDIAN__ 1234\0"
 145      4445525F 
 145      4C495454 
 145      4C455F45 
 145      4E444941 
 146 0278 01       		.byte	0x1
 147 0279 00       		.uleb128 0
 148 027a 5F5F4F52 		.ascii "__ORDER_BIG_ENDIAN__ 4321\0"
 148      4445525F 
 148      4249475F 
 148      454E4449 
 148      414E5F5F 
 149 0294 01       		.byte	0x1
 150 0295 00       		.uleb128 0
 151 0296 5F5F4F52 		.ascii "__ORDER_PDP_ENDIAN__ 3412\0"
 151      4445525F 
 151      5044505F 
 151      454E4449 
 151      414E5F5F 
 152 02b0 01       		.byte	0x1
 153 02b1 00       		.uleb128 0
 154 02b2 5F5F4259 		.ascii "__BYTE_ORDER__ __ORDER_LITTLE_ENDIAN__\0"
 154      54455F4F 
 154      52444552 
 154      5F5F205F 
 154      5F4F5244 
 155 02d9 01       		.byte	0x1
 156 02da 00       		.uleb128 0
 157 02db 5F5F464C 		.ascii "__FLOAT_WORD_ORDER__ __ORDER_LITTLE_ENDIAN__\0"
 157      4F41545F 
 157      574F5244 
 157      5F4F5244 
 157      45525F5F 
 158 0308 01       		.byte	0x1
 159 0309 00       		.uleb128 0
 160 030a 5F5F5349 		.ascii "__SIZEOF_POINTER__ 8\0"
 160      5A454F46 
 160      5F504F49 
 160      4E544552 
 160      5F5F2038 
 161 031f 01       		.byte	0x1
 162 0320 00       		.uleb128 0
 163 0321 5F5F474E 		.ascii "__GNUC_EXECUTION_CHARSET_NAME \"UTF-8\"\0"
 163      55435F45 
 163      58454355 
 163      54494F4E 
 163      5F434841 
 164 0347 01       		.byte	0x1
 165 0348 00       		.uleb128 0
 166 0349 5F5F474E 		.ascii "__GNUC_WIDE_EXECUTION_CHARSET_NAME \"UTF-16LE\"\0"
 166      55435F57 
 166      4944455F 
 166      45584543 
 166      5554494F 
 167 0377 01       		.byte	0x1
 168 0378 00       		.uleb128 0
 169 0379 5F5F5349 		.ascii "__SIZE_TYPE__ long long unsigned int\0"
 169      5A455F54 
 169      5950455F 
 169      5F206C6F 
 169      6E67206C 
 170 039e 01       		.byte	0x1
 171 039f 00       		.uleb128 0
 172 03a0 5F5F5054 		.ascii "__PTRDIFF_TYPE__ long long int\0"
 172      52444946 
 172      465F5459 
 172      50455F5F 
 172      206C6F6E 
 173 03bf 01       		.byte	0x1
 174 03c0 00       		.uleb128 0
 175 03c1 5F5F5743 		.ascii "__WCHAR_TYPE__ short unsigned int\0"
 175      4841525F 
 175      54595045 
 175      5F5F2073 
 175      686F7274 
 176 03e3 01       		.byte	0x1
 177 03e4 00       		.uleb128 0
 178 03e5 5F5F5749 		.ascii "__WINT_TYPE__ short unsigned int\0"
 178      4E545F54 
 178      5950455F 
 178      5F207368 
 178      6F727420 
 179 0406 01       		.byte	0x1
 180 0407 00       		.uleb128 0
 181 0408 5F5F494E 		.ascii "__INTMAX_TYPE__ long long int\0"
 181      544D4158 
 181      5F545950 
 181      455F5F20 
 181      6C6F6E67 
 182 0426 01       		.byte	0x1
 183 0427 00       		.uleb128 0
 184 0428 5F5F5549 		.ascii "__UINTMAX_TYPE__ long long unsigned int\0"
 184      4E544D41 
 184      585F5459 
 184      50455F5F 
 184      206C6F6E 
 185 0450 01       		.byte	0x1
 186 0451 00       		.uleb128 0
 187 0452 5F5F4348 		.ascii "__CHAR16_TYPE__ short unsigned int\0"
 187      41523136 
 187      5F545950 
 187      455F5F20 
 187      73686F72 
 188 0475 01       		.byte	0x1
 189 0476 00       		.uleb128 0
 190 0477 5F5F4348 		.ascii "__CHAR32_TYPE__ unsigned int\0"
 190      41523332 
 190      5F545950 
 190      455F5F20 
 190      756E7369 
 191 0494 01       		.byte	0x1
 192 0495 00       		.uleb128 0
 193 0496 5F5F5349 		.ascii "__SIG_ATOMIC_TYPE__ int\0"
 193      475F4154 
 193      4F4D4943 
 193      5F545950 
 193      455F5F20 
 194 04ae 01       		.byte	0x1
 195 04af 00       		.uleb128 0
 196 04b0 5F5F494E 		.ascii "__INT8_TYPE__ signed char\0"
 196      54385F54 
 196      5950455F 
 196      5F207369 
 196      676E6564 
 197 04ca 01       		.byte	0x1
 198 04cb 00       		.uleb128 0
 199 04cc 5F5F494E 		.ascii "__INT16_TYPE__ short int\0"
 199      5431365F 
 199      54595045 
 199      5F5F2073 
 199      686F7274 
 200 04e5 01       		.byte	0x1
 201 04e6 00       		.uleb128 0
 202 04e7 5F5F494E 		.ascii "__INT32_TYPE__ int\0"
 202      5433325F 
 202      54595045 
 202      5F5F2069 
 202      6E7400
 203 04fa 01       		.byte	0x1
 204 04fb 00       		.uleb128 0
 205 04fc 5F5F494E 		.ascii "__INT64_TYPE__ long long int\0"
 205      5436345F 
 205      54595045 
 205      5F5F206C 
 205      6F6E6720 
 206 0519 01       		.byte	0x1
 207 051a 00       		.uleb128 0
 208 051b 5F5F5549 		.ascii "__UINT8_TYPE__ unsigned char\0"
 208      4E54385F 
 208      54595045 
 208      5F5F2075 
 208      6E736967 
 209 0538 01       		.byte	0x1
 210 0539 00       		.uleb128 0
 211 053a 5F5F5549 		.ascii "__UINT16_TYPE__ short unsigned int\0"
 211      4E543136 
 211      5F545950 
 211      455F5F20 
 211      73686F72 
 212 055d 01       		.byte	0x1
 213 055e 00       		.uleb128 0
 214 055f 5F5F5549 		.ascii "__UINT32_TYPE__ unsigned int\0"
 214      4E543332 
 214      5F545950 
 214      455F5F20 
 214      756E7369 
 215 057c 01       		.byte	0x1
 216 057d 00       		.uleb128 0
 217 057e 5F5F5549 		.ascii "__UINT64_TYPE__ long long unsigned int\0"
 217      4E543634 
 217      5F545950 
 217      455F5F20 
 217      6C6F6E67 
 218 05a5 01       		.byte	0x1
 219 05a6 00       		.uleb128 0
 220 05a7 5F5F494E 		.ascii "__INT_LEAST8_TYPE__ signed char\0"
 220      545F4C45 
 220      41535438 
 220      5F545950 
 220      455F5F20 
 221 05c7 01       		.byte	0x1
 222 05c8 00       		.uleb128 0
 223 05c9 5F5F494E 		.ascii "__INT_LEAST16_TYPE__ short int\0"
 223      545F4C45 
 223      41535431 
 223      365F5459 
 223      50455F5F 
 224 05e8 01       		.byte	0x1
 225 05e9 00       		.uleb128 0
 226 05ea 5F5F494E 		.ascii "__INT_LEAST32_TYPE__ int\0"
 226      545F4C45 
 226      41535433 
 226      325F5459 
 226      50455F5F 
 227 0603 01       		.byte	0x1
 228 0604 00       		.uleb128 0
 229 0605 5F5F494E 		.ascii "__INT_LEAST64_TYPE__ long long int\0"
 229      545F4C45 
 229      41535436 
 229      345F5459 
 229      50455F5F 
 230 0628 01       		.byte	0x1
 231 0629 00       		.uleb128 0
 232 062a 5F5F5549 		.ascii "__UINT_LEAST8_TYPE__ unsigned char\0"
 232      4E545F4C 
 232      45415354 
 232      385F5459 
 232      50455F5F 
 233 064d 01       		.byte	0x1
 234 064e 00       		.uleb128 0
 235 064f 5F5F5549 		.ascii "__UINT_LEAST16_TYPE__ short unsigned int\0"
 235      4E545F4C 
 235      45415354 
 235      31365F54 
 235      5950455F 
 236 0678 01       		.byte	0x1
 237 0679 00       		.uleb128 0
 238 067a 5F5F5549 		.ascii "__UINT_LEAST32_TYPE__ unsigned int\0"
 238      4E545F4C 
 238      45415354 
 238      33325F54 
 238      5950455F 
 239 069d 01       		.byte	0x1
 240 069e 00       		.uleb128 0
 241 069f 5F5F5549 		.ascii "__UINT_LEAST64_TYPE__ long long unsigned int\0"
 241      4E545F4C 
 241      45415354 
 241      36345F54 
 241      5950455F 
 242 06cc 01       		.byte	0x1
 243 06cd 00       		.uleb128 0
 244 06ce 5F5F494E 		.ascii "__INT_FAST8_TYPE__ signed char\0"
 244      545F4641 
 244      5354385F 
 244      54595045 
 244      5F5F2073 
 245 06ed 01       		.byte	0x1
 246 06ee 00       		.uleb128 0
 247 06ef 5F5F494E 		.ascii "__INT_FAST16_TYPE__ short int\0"
 247      545F4641 
 247      53543136 
 247      5F545950 
 247      455F5F20 
 248 070d 01       		.byte	0x1
 249 070e 00       		.uleb128 0
 250 070f 5F5F494E 		.ascii "__INT_FAST32_TYPE__ int\0"
 250      545F4641 
 250      53543332 
 250      5F545950 
 250      455F5F20 
 251 0727 01       		.byte	0x1
 252 0728 00       		.uleb128 0
 253 0729 5F5F494E 		.ascii "__INT_FAST64_TYPE__ long long int\0"
 253      545F4641 
 253      53543634 
 253      5F545950 
 253      455F5F20 
 254 074b 01       		.byte	0x1
 255 074c 00       		.uleb128 0
 256 074d 5F5F5549 		.ascii "__UINT_FAST8_TYPE__ unsigned char\0"
 256      4E545F46 
 256      41535438 
 256      5F545950 
 256      455F5F20 
 257 076f 01       		.byte	0x1
 258 0770 00       		.uleb128 0
 259 0771 5F5F5549 		.ascii "__UINT_FAST16_TYPE__ short unsigned int\0"
 259      4E545F46 
 259      41535431 
 259      365F5459 
 259      50455F5F 
 260 0799 01       		.byte	0x1
 261 079a 00       		.uleb128 0
 262 079b 5F5F5549 		.ascii "__UINT_FAST32_TYPE__ unsigned int\0"
 262      4E545F46 
 262      41535433 
 262      325F5459 
 262      50455F5F 
 263 07bd 01       		.byte	0x1
 264 07be 00       		.uleb128 0
 265 07bf 5F5F5549 		.ascii "__UINT_FAST64_TYPE__ long long unsigned int\0"
 265      4E545F46 
 265      41535436 
 265      345F5459 
 265      50455F5F 
 266 07eb 01       		.byte	0x1
 267 07ec 00       		.uleb128 0
 268 07ed 5F5F494E 		.ascii "__INTPTR_TYPE__ long long int\0"
 268      54505452 
 268      5F545950 
 268      455F5F20 
 268      6C6F6E67 
 269 080b 01       		.byte	0x1
 270 080c 00       		.uleb128 0
 271 080d 5F5F5549 		.ascii "__UINTPTR_TYPE__ long long unsigned int\0"
 271      4E545054 
 271      525F5459 
 271      50455F5F 
 271      206C6F6E 
 272 0835 01       		.byte	0x1
 273 0836 00       		.uleb128 0
 274 0837 5F5F4758 		.ascii "__GXX_ABI_VERSION 1019\0"
 274      585F4142 
 274      495F5645 
 274      5253494F 
 274      4E203130 
 275 084e 01       		.byte	0x1
 276 084f 00       		.uleb128 0
 277 0850 5F5F5343 		.ascii "__SCHAR_MAX__ 0x7f\0"
 277      4841525F 
 277      4D41585F 
 277      5F203078 
 277      376600
 278 0863 01       		.byte	0x1
 279 0864 00       		.uleb128 0
 280 0865 5F5F5348 		.ascii "__SHRT_MAX__ 0x7fff\0"
 280      52545F4D 
 280      41585F5F 
 280      20307837 
 280      66666600 
 281 0879 01       		.byte	0x1
 282 087a 00       		.uleb128 0
 283 087b 5F5F494E 		.ascii "__INT_MAX__ 0x7fffffff\0"
 283      545F4D41 
 283      585F5F20 
 283      30783766 
 283      66666666 
 284 0892 01       		.byte	0x1
 285 0893 00       		.uleb128 0
 286 0894 5F5F4C4F 		.ascii "__LONG_MAX__ 0x7fffffffL\0"
 286      4E475F4D 
 286      41585F5F 
 286      20307837 
 286      66666666 
 287 08ad 01       		.byte	0x1
 288 08ae 00       		.uleb128 0
 289 08af 5F5F4C4F 		.ascii "__LONG_LONG_MAX__ 0x7fffffffffffffffLL\0"
 289      4E475F4C 
 289      4F4E475F 
 289      4D41585F 
 289      5F203078 
 290 08d6 01       		.byte	0x1
 291 08d7 00       		.uleb128 0
 292 08d8 5F5F5743 		.ascii "__WCHAR_MAX__ 0xffff\0"
 292      4841525F 
 292      4D41585F 
 292      5F203078 
 292      66666666 
 293 08ed 01       		.byte	0x1
 294 08ee 00       		.uleb128 0
 295 08ef 5F5F5743 		.ascii "__WCHAR_MIN__ 0\0"
 295      4841525F 
 295      4D494E5F 
 295      5F203000 
 296 08ff 01       		.byte	0x1
 297 0900 00       		.uleb128 0
 298 0901 5F5F5749 		.ascii "__WINT_MAX__ 0xffff\0"
 298      4E545F4D 
 298      41585F5F 
 298      20307866 
 298      66666600 
 299 0915 01       		.byte	0x1
 300 0916 00       		.uleb128 0
 301 0917 5F5F5749 		.ascii "__WINT_MIN__ 0\0"
 301      4E545F4D 
 301      494E5F5F 
 301      203000
 302 0926 01       		.byte	0x1
 303 0927 00       		.uleb128 0
 304 0928 5F5F5054 		.ascii "__PTRDIFF_MAX__ 0x7fffffffffffffffLL\0"
 304      52444946 
 304      465F4D41 
 304      585F5F20 
 304      30783766 
 305 094d 01       		.byte	0x1
 306 094e 00       		.uleb128 0
 307 094f 5F5F5349 		.ascii "__SIZE_MAX__ 0xffffffffffffffffULL\0"
 307      5A455F4D 
 307      41585F5F 
 307      20307866 
 307      66666666 
 308 0972 01       		.byte	0x1
 309 0973 00       		.uleb128 0
 310 0974 5F5F5343 		.ascii "__SCHAR_WIDTH__ 8\0"
 310      4841525F 
 310      57494454 
 310      485F5F20 
 310      3800
 311 0986 01       		.byte	0x1
 312 0987 00       		.uleb128 0
 313 0988 5F5F5348 		.ascii "__SHRT_WIDTH__ 16\0"
 313      52545F57 
 313      49445448 
 313      5F5F2031 
 313      3600
 314 099a 01       		.byte	0x1
 315 099b 00       		.uleb128 0
 316 099c 5F5F494E 		.ascii "__INT_WIDTH__ 32\0"
 316      545F5749 
 316      4454485F 
 316      5F203332 
 316      00
 317 09ad 01       		.byte	0x1
 318 09ae 00       		.uleb128 0
 319 09af 5F5F4C4F 		.ascii "__LONG_WIDTH__ 32\0"
 319      4E475F57 
 319      49445448 
 319      5F5F2033 
 319      3200
 320 09c1 01       		.byte	0x1
 321 09c2 00       		.uleb128 0
 322 09c3 5F5F4C4F 		.ascii "__LONG_LONG_WIDTH__ 64\0"
 322      4E475F4C 
 322      4F4E475F 
 322      57494454 
 322      485F5F20 
 323 09da 01       		.byte	0x1
 324 09db 00       		.uleb128 0
 325 09dc 5F5F5743 		.ascii "__WCHAR_WIDTH__ 16\0"
 325      4841525F 
 325      57494454 
 325      485F5F20 
 325      313600
 326 09ef 01       		.byte	0x1
 327 09f0 00       		.uleb128 0
 328 09f1 5F5F5749 		.ascii "__WINT_WIDTH__ 16\0"
 328      4E545F57 
 328      49445448 
 328      5F5F2031 
 328      3600
 329 0a03 01       		.byte	0x1
 330 0a04 00       		.uleb128 0
 331 0a05 5F5F5054 		.ascii "__PTRDIFF_WIDTH__ 64\0"
 331      52444946 
 331      465F5749 
 331      4454485F 
 331      5F203634 
 332 0a1a 01       		.byte	0x1
 333 0a1b 00       		.uleb128 0
 334 0a1c 5F5F5349 		.ascii "__SIZE_WIDTH__ 64\0"
 334      5A455F57 
 334      49445448 
 334      5F5F2036 
 334      3400
 335 0a2e 01       		.byte	0x1
 336 0a2f 00       		.uleb128 0
 337 0a30 5F5F4249 		.ascii "__BITINT_MAXWIDTH__ 65535\0"
 337      54494E54 
 337      5F4D4158 
 337      57494454 
 337      485F5F20 
 338 0a4a 01       		.byte	0x1
 339 0a4b 00       		.uleb128 0
 340 0a4c 5F5F494E 		.ascii "__INTMAX_MAX__ 0x7fffffffffffffffLL\0"
 340      544D4158 
 340      5F4D4158 
 340      5F5F2030 
 340      78376666 
 341 0a70 01       		.byte	0x1
 342 0a71 00       		.uleb128 0
 343 0a72 5F5F494E 		.ascii "__INTMAX_C(c) c ## LL\0"
 343      544D4158 
 343      5F432863 
 343      29206320 
 343      2323204C 
 344 0a88 01       		.byte	0x1
 345 0a89 00       		.uleb128 0
 346 0a8a 5F5F5549 		.ascii "__UINTMAX_MAX__ 0xffffffffffffffffULL\0"
 346      4E544D41 
 346      585F4D41 
 346      585F5F20 
 346      30786666 
 347 0ab0 01       		.byte	0x1
 348 0ab1 00       		.uleb128 0
 349 0ab2 5F5F5549 		.ascii "__UINTMAX_C(c) c ## ULL\0"
 349      4E544D41 
 349      585F4328 
 349      63292063 
 349      20232320 
 350 0aca 01       		.byte	0x1
 351 0acb 00       		.uleb128 0
 352 0acc 5F5F494E 		.ascii "__INTMAX_WIDTH__ 64\0"
 352      544D4158 
 352      5F574944 
 352      54485F5F 
 352      20363400 
 353 0ae0 01       		.byte	0x1
 354 0ae1 00       		.uleb128 0
 355 0ae2 5F5F5349 		.ascii "__SIG_ATOMIC_MAX__ 0x7fffffff\0"
 355      475F4154 
 355      4F4D4943 
 355      5F4D4158 
 355      5F5F2030 
 356 0b00 01       		.byte	0x1
 357 0b01 00       		.uleb128 0
 358 0b02 5F5F5349 		.ascii "__SIG_ATOMIC_MIN__ (-__SIG_ATOMIC_MAX__ - 1)\0"
 358      475F4154 
 358      4F4D4943 
 358      5F4D494E 
 358      5F5F2028 
 359 0b2f 01       		.byte	0x1
 360 0b30 00       		.uleb128 0
 361 0b31 5F5F5349 		.ascii "__SIG_ATOMIC_WIDTH__ 32\0"
 361      475F4154 
 361      4F4D4943 
 361      5F574944 
 361      54485F5F 
 362 0b49 01       		.byte	0x1
 363 0b4a 00       		.uleb128 0
 364 0b4b 5F5F494E 		.ascii "__INT8_MAX__ 0x7f\0"
 364      54385F4D 
 364      41585F5F 
 364      20307837 
 364      6600
 365 0b5d 01       		.byte	0x1
 366 0b5e 00       		.uleb128 0
 367 0b5f 5F5F494E 		.ascii "__INT16_MAX__ 0x7fff\0"
 367      5431365F 
 367      4D41585F 
 367      5F203078 
 367      37666666 
 368 0b74 01       		.byte	0x1
 369 0b75 00       		.uleb128 0
 370 0b76 5F5F494E 		.ascii "__INT32_MAX__ 0x7fffffff\0"
 370      5433325F 
 370      4D41585F 
 370      5F203078 
 370      37666666 
 371 0b8f 01       		.byte	0x1
 372 0b90 00       		.uleb128 0
 373 0b91 5F5F494E 		.ascii "__INT64_MAX__ 0x7fffffffffffffffLL\0"
 373      5436345F 
 373      4D41585F 
 373      5F203078 
 373      37666666 
 374 0bb4 01       		.byte	0x1
 375 0bb5 00       		.uleb128 0
 376 0bb6 5F5F5549 		.ascii "__UINT8_MAX__ 0xff\0"
 376      4E54385F 
 376      4D41585F 
 376      5F203078 
 376      666600
 377 0bc9 01       		.byte	0x1
 378 0bca 00       		.uleb128 0
 379 0bcb 5F5F5549 		.ascii "__UINT16_MAX__ 0xffff\0"
 379      4E543136 
 379      5F4D4158 
 379      5F5F2030 
 379      78666666 
 380 0be1 01       		.byte	0x1
 381 0be2 00       		.uleb128 0
 382 0be3 5F5F5549 		.ascii "__UINT32_MAX__ 0xffffffffU\0"
 382      4E543332 
 382      5F4D4158 
 382      5F5F2030 
 382      78666666 
 383 0bfe 01       		.byte	0x1
 384 0bff 00       		.uleb128 0
 385 0c00 5F5F5549 		.ascii "__UINT64_MAX__ 0xffffffffffffffffULL\0"
 385      4E543634 
 385      5F4D4158 
 385      5F5F2030 
 385      78666666 
 386 0c25 01       		.byte	0x1
 387 0c26 00       		.uleb128 0
 388 0c27 5F5F494E 		.ascii "__INT_LEAST8_MAX__ 0x7f\0"
 388      545F4C45 
 388      41535438 
 388      5F4D4158 
 388      5F5F2030 
 389 0c3f 01       		.byte	0x1
 390 0c40 00       		.uleb128 0
 391 0c41 5F5F494E 		.ascii "__INT8_C(c) c\0"
 391      54385F43 
 391      28632920 
 391      6300
 392 0c4f 01       		.byte	0x1
 393 0c50 00       		.uleb128 0
 394 0c51 5F5F494E 		.ascii "__INT_LEAST8_WIDTH__ 8\0"
 394      545F4C45 
 394      41535438 
 394      5F574944 
 394      54485F5F 
 395 0c68 01       		.byte	0x1
 396 0c69 00       		.uleb128 0
 397 0c6a 5F5F494E 		.ascii "__INT_LEAST16_MAX__ 0x7fff\0"
 397      545F4C45 
 397      41535431 
 397      365F4D41 
 397      585F5F20 
 398 0c85 01       		.byte	0x1
 399 0c86 00       		.uleb128 0
 400 0c87 5F5F494E 		.ascii "__INT16_C(c) c\0"
 400      5431365F 
 400      43286329 
 400      206300
 401 0c96 01       		.byte	0x1
 402 0c97 00       		.uleb128 0
 403 0c98 5F5F494E 		.ascii "__INT_LEAST16_WIDTH__ 16\0"
 403      545F4C45 
 403      41535431 
 403      365F5749 
 403      4454485F 
 404 0cb1 01       		.byte	0x1
 405 0cb2 00       		.uleb128 0
 406 0cb3 5F5F494E 		.ascii "__INT_LEAST32_MAX__ 0x7fffffff\0"
 406      545F4C45 
 406      41535433 
 406      325F4D41 
 406      585F5F20 
 407 0cd2 01       		.byte	0x1
 408 0cd3 00       		.uleb128 0
 409 0cd4 5F5F494E 		.ascii "__INT32_C(c) c\0"
 409      5433325F 
 409      43286329 
 409      206300
 410 0ce3 01       		.byte	0x1
 411 0ce4 00       		.uleb128 0
 412 0ce5 5F5F494E 		.ascii "__INT_LEAST32_WIDTH__ 32\0"
 412      545F4C45 
 412      41535433 
 412      325F5749 
 412      4454485F 
 413 0cfe 01       		.byte	0x1
 414 0cff 00       		.uleb128 0
 415 0d00 5F5F494E 		.ascii "__INT_LEAST64_MAX__ 0x7fffffffffffffffLL\0"
 415      545F4C45 
 415      41535436 
 415      345F4D41 
 415      585F5F20 
 416 0d29 01       		.byte	0x1
 417 0d2a 00       		.uleb128 0
 418 0d2b 5F5F494E 		.ascii "__INT64_C(c) c ## LL\0"
 418      5436345F 
 418      43286329 
 418      20632023 
 418      23204C4C 
 419 0d40 01       		.byte	0x1
 420 0d41 00       		.uleb128 0
 421 0d42 5F5F494E 		.ascii "__INT_LEAST64_WIDTH__ 64\0"
 421      545F4C45 
 421      41535436 
 421      345F5749 
 421      4454485F 
 422 0d5b 01       		.byte	0x1
 423 0d5c 00       		.uleb128 0
 424 0d5d 5F5F5549 		.ascii "__UINT_LEAST8_MAX__ 0xff\0"
 424      4E545F4C 
 424      45415354 
 424      385F4D41 
 424      585F5F20 
 425 0d76 01       		.byte	0x1
 426 0d77 00       		.uleb128 0
 427 0d78 5F5F5549 		.ascii "__UINT8_C(c) c\0"
 427      4E54385F 
 427      43286329 
 427      206300
 428 0d87 01       		.byte	0x1
 429 0d88 00       		.uleb128 0
 430 0d89 5F5F5549 		.ascii "__UINT_LEAST16_MAX__ 0xffff\0"
 430      4E545F4C 
 430      45415354 
 430      31365F4D 
 430      41585F5F 
 431 0da5 01       		.byte	0x1
 432 0da6 00       		.uleb128 0
 433 0da7 5F5F5549 		.ascii "__UINT16_C(c) c\0"
 433      4E543136 
 433      5F432863 
 433      29206300 
 434 0db7 01       		.byte	0x1
 435 0db8 00       		.uleb128 0
 436 0db9 5F5F5549 		.ascii "__UINT_LEAST32_MAX__ 0xffffffffU\0"
 436      4E545F4C 
 436      45415354 
 436      33325F4D 
 436      41585F5F 
 437 0dda 01       		.byte	0x1
 438 0ddb 00       		.uleb128 0
 439 0ddc 5F5F5549 		.ascii "__UINT32_C(c) c ## U\0"
 439      4E543332 
 439      5F432863 
 439      29206320 
 439      23232055 
 440 0df1 01       		.byte	0x1
 441 0df2 00       		.uleb128 0
 442 0df3 5F5F5549 		.ascii "__UINT_LEAST64_MAX__ 0xffffffffffffffffULL\0"
 442      4E545F4C 
 442      45415354 
 442      36345F4D 
 442      41585F5F 
 443 0e1e 01       		.byte	0x1
 444 0e1f 00       		.uleb128 0
 445 0e20 5F5F5549 		.ascii "__UINT64_C(c) c ## ULL\0"
 445      4E543634 
 445      5F432863 
 445      29206320 
 445      23232055 
 446 0e37 01       		.byte	0x1
 447 0e38 00       		.uleb128 0
 448 0e39 5F5F494E 		.ascii "__INT_FAST8_MAX__ 0x7f\0"
 448      545F4641 
 448      5354385F 
 448      4D41585F 
 448      5F203078 
 449 0e50 01       		.byte	0x1
 450 0e51 00       		.uleb128 0
 451 0e52 5F5F494E 		.ascii "__INT_FAST8_WIDTH__ 8\0"
 451      545F4641 
 451      5354385F 
 451      57494454 
 451      485F5F20 
 452 0e68 01       		.byte	0x1
 453 0e69 00       		.uleb128 0
 454 0e6a 5F5F494E 		.ascii "__INT_FAST16_MAX__ 0x7fff\0"
 454      545F4641 
 454      53543136 
 454      5F4D4158 
 454      5F5F2030 
 455 0e84 01       		.byte	0x1
 456 0e85 00       		.uleb128 0
 457 0e86 5F5F494E 		.ascii "__INT_FAST16_WIDTH__ 16\0"
 457      545F4641 
 457      53543136 
 457      5F574944 
 457      54485F5F 
 458 0e9e 01       		.byte	0x1
 459 0e9f 00       		.uleb128 0
 460 0ea0 5F5F494E 		.ascii "__INT_FAST32_MAX__ 0x7fffffff\0"
 460      545F4641 
 460      53543332 
 460      5F4D4158 
 460      5F5F2030 
 461 0ebe 01       		.byte	0x1
 462 0ebf 00       		.uleb128 0
 463 0ec0 5F5F494E 		.ascii "__INT_FAST32_WIDTH__ 32\0"
 463      545F4641 
 463      53543332 
 463      5F574944 
 463      54485F5F 
 464 0ed8 01       		.byte	0x1
 465 0ed9 00       		.uleb128 0
 466 0eda 5F5F494E 		.ascii "__INT_FAST64_MAX__ 0x7fffffffffffffffLL\0"
 466      545F4641 
 466      53543634 
 466      5F4D4158 
 466      5F5F2030 
 467 0f02 01       		.byte	0x1
 468 0f03 00       		.uleb128 0
 469 0f04 5F5F494E 		.ascii "__INT_FAST64_WIDTH__ 64\0"
 469      545F4641 
 469      53543634 
 469      5F574944 
 469      54485F5F 
 470 0f1c 01       		.byte	0x1
 471 0f1d 00       		.uleb128 0
 472 0f1e 5F5F5549 		.ascii "__UINT_FAST8_MAX__ 0xff\0"
 472      4E545F46 
 472      41535438 
 472      5F4D4158 
 472      5F5F2030 
 473 0f36 01       		.byte	0x1
 474 0f37 00       		.uleb128 0
 475 0f38 5F5F5549 		.ascii "__UINT_FAST16_MAX__ 0xffff\0"
 475      4E545F46 
 475      41535431 
 475      365F4D41 
 475      585F5F20 
 476 0f53 01       		.byte	0x1
 477 0f54 00       		.uleb128 0
 478 0f55 5F5F5549 		.ascii "__UINT_FAST32_MAX__ 0xffffffffU\0"
 478      4E545F46 
 478      41535433 
 478      325F4D41 
 478      585F5F20 
 479 0f75 01       		.byte	0x1
 480 0f76 00       		.uleb128 0
 481 0f77 5F5F5549 		.ascii "__UINT_FAST64_MAX__ 0xffffffffffffffffULL\0"
 481      4E545F46 
 481      41535436 
 481      345F4D41 
 481      585F5F20 
 482 0fa1 01       		.byte	0x1
 483 0fa2 00       		.uleb128 0
 484 0fa3 5F5F494E 		.ascii "__INTPTR_MAX__ 0x7fffffffffffffffLL\0"
 484      54505452 
 484      5F4D4158 
 484      5F5F2030 
 484      78376666 
 485 0fc7 01       		.byte	0x1
 486 0fc8 00       		.uleb128 0
 487 0fc9 5F5F494E 		.ascii "__INTPTR_WIDTH__ 64\0"
 487      54505452 
 487      5F574944 
 487      54485F5F 
 487      20363400 
 488 0fdd 01       		.byte	0x1
 489 0fde 00       		.uleb128 0
 490 0fdf 5F5F5549 		.ascii "__UINTPTR_MAX__ 0xffffffffffffffffULL\0"
 490      4E545054 
 490      525F4D41 
 490      585F5F20 
 490      30786666 
 491 1005 01       		.byte	0x1
 492 1006 00       		.uleb128 0
 493 1007 5F5F4743 		.ascii "__GCC_IEC_559 2\0"
 493      435F4945 
 493      435F3535 
 493      39203200 
 494 1017 01       		.byte	0x1
 495 1018 00       		.uleb128 0
 496 1019 5F5F4743 		.ascii "__GCC_IEC_559_COMPLEX 2\0"
 496      435F4945 
 496      435F3535 
 496      395F434F 
 496      4D504C45 
 497 1031 01       		.byte	0x1
 498 1032 00       		.uleb128 0
 499 1033 5F5F464C 		.ascii "__FLT_EVAL_METHOD__ 0\0"
 499      545F4556 
 499      414C5F4D 
 499      4554484F 
 499      445F5F20 
 500 1049 01       		.byte	0x1
 501 104a 00       		.uleb128 0
 502 104b 5F5F464C 		.ascii "__FLT_EVAL_METHOD_TS_18661_3__ 0\0"
 502      545F4556 
 502      414C5F4D 
 502      4554484F 
 502      445F5453 
 503 106c 01       		.byte	0x1
 504 106d 00       		.uleb128 0
 505 106e 5F5F4445 		.ascii "__DEC_EVAL_METHOD__ 2\0"
 505      435F4556 
 505      414C5F4D 
 505      4554484F 
 505      445F5F20 
 506 1084 01       		.byte	0x1
 507 1085 00       		.uleb128 0
 508 1086 5F5F464C 		.ascii "__FLT_RADIX__ 2\0"
 508      545F5241 
 508      4449585F 
 508      5F203200 
 509 1096 01       		.byte	0x1
 510 1097 00       		.uleb128 0
 511 1098 5F5F464C 		.ascii "__FLT_MANT_DIG__ 24\0"
 511      545F4D41 
 511      4E545F44 
 511      49475F5F 
 511      20323400 
 512 10ac 01       		.byte	0x1
 513 10ad 00       		.uleb128 0
 514 10ae 5F5F464C 		.ascii "__FLT_DIG__ 6\0"
 514      545F4449 
 514      475F5F20 
 514      3600
 515 10bc 01       		.byte	0x1
 516 10bd 00       		.uleb128 0
 517 10be 5F5F464C 		.ascii "__FLT_MIN_EXP__ (-125)\0"
 517      545F4D49 
 517      4E5F4558 
 517      505F5F20 
 517      282D3132 
 518 10d5 01       		.byte	0x1
 519 10d6 00       		.uleb128 0
 520 10d7 5F5F464C 		.ascii "__FLT_MIN_10_EXP__ (-37)\0"
 520      545F4D49 
 520      4E5F3130 
 520      5F455850 
 520      5F5F2028 
 521 10f0 01       		.byte	0x1
 522 10f1 00       		.uleb128 0
 523 10f2 5F5F464C 		.ascii "__FLT_MAX_EXP__ 128\0"
 523      545F4D41 
 523      585F4558 
 523      505F5F20 
 523      31323800 
 524 1106 01       		.byte	0x1
 525 1107 00       		.uleb128 0
 526 1108 5F5F464C 		.ascii "__FLT_MAX_10_EXP__ 38\0"
 526      545F4D41 
 526      585F3130 
 526      5F455850 
 526      5F5F2033 
 527 111e 01       		.byte	0x1
 528 111f 00       		.uleb128 0
 529 1120 5F5F464C 		.ascii "__FLT_DECIMAL_DIG__ 9\0"
 529      545F4445 
 529      43494D41 
 529      4C5F4449 
 529      475F5F20 
 530 1136 01       		.byte	0x1
 531 1137 00       		.uleb128 0
 532 1138 5F5F464C 		.ascii "__FLT_MAX__ 3.40282346638528859811704183484516925e+38F\0"
 532      545F4D41 
 532      585F5F20 
 532      332E3430 
 532      32383233 
 533 116f 01       		.byte	0x1
 534 1170 00       		.uleb128 0
 535 1171 5F5F464C 		.ascii "__FLT_NORM_MAX__ 3.40282346638528859811704183484516925e+38F\0"
 535      545F4E4F 
 535      524D5F4D 
 535      41585F5F 
 535      20332E34 
 536 11ad 01       		.byte	0x1
 537 11ae 00       		.uleb128 0
 538 11af 5F5F464C 		.ascii "__FLT_MIN__ 1.17549435082228750796873653722224568e-38F\0"
 538      545F4D49 
 538      4E5F5F20 
 538      312E3137 
 538      35343934 
 539 11e6 01       		.byte	0x1
 540 11e7 00       		.uleb128 0
 541 11e8 5F5F464C 		.ascii "__FLT_EPSILON__ 1.19209289550781250000000000000000000e-7F\0"
 541      545F4550 
 541      53494C4F 
 541      4E5F5F20 
 541      312E3139 
 542 1222 01       		.byte	0x1
 543 1223 00       		.uleb128 0
 544 1224 5F5F464C 		.ascii "__FLT_DENORM_MIN__ 1.40129846432481707092372958328991613e-45F\0"
 544      545F4445 
 544      4E4F524D 
 544      5F4D494E 
 544      5F5F2031 
 545 1262 01       		.byte	0x1
 546 1263 00       		.uleb128 0
 547 1264 5F5F464C 		.ascii "__FLT_HAS_DENORM__ 1\0"
 547      545F4841 
 547      535F4445 
 547      4E4F524D 
 547      5F5F2031 
 548 1279 01       		.byte	0x1
 549 127a 00       		.uleb128 0
 550 127b 5F5F464C 		.ascii "__FLT_HAS_INFINITY__ 1\0"
 550      545F4841 
 550      535F494E 
 550      46494E49 
 550      54595F5F 
 551 1292 01       		.byte	0x1
 552 1293 00       		.uleb128 0
 553 1294 5F5F464C 		.ascii "__FLT_HAS_QUIET_NAN__ 1\0"
 553      545F4841 
 553      535F5155 
 553      4945545F 
 553      4E414E5F 
 554 12ac 01       		.byte	0x1
 555 12ad 00       		.uleb128 0
 556 12ae 5F5F464C 		.ascii "__FLT_IS_IEC_60559__ 1\0"
 556      545F4953 
 556      5F494543 
 556      5F363035 
 556      35395F5F 
 557 12c5 01       		.byte	0x1
 558 12c6 00       		.uleb128 0
 559 12c7 5F5F4442 		.ascii "__DBL_MANT_DIG__ 53\0"
 559      4C5F4D41 
 559      4E545F44 
 559      49475F5F 
 559      20353300 
 560 12db 01       		.byte	0x1
 561 12dc 00       		.uleb128 0
 562 12dd 5F5F4442 		.ascii "__DBL_DIG__ 15\0"
 562      4C5F4449 
 562      475F5F20 
 562      313500
 563 12ec 01       		.byte	0x1
 564 12ed 00       		.uleb128 0
 565 12ee 5F5F4442 		.ascii "__DBL_MIN_EXP__ (-1021)\0"
 565      4C5F4D49 
 565      4E5F4558 
 565      505F5F20 
 565      282D3130 
 566 1306 01       		.byte	0x1
 567 1307 00       		.uleb128 0
 568 1308 5F5F4442 		.ascii "__DBL_MIN_10_EXP__ (-307)\0"
 568      4C5F4D49 
 568      4E5F3130 
 568      5F455850 
 568      5F5F2028 
 569 1322 01       		.byte	0x1
 570 1323 00       		.uleb128 0
 571 1324 5F5F4442 		.ascii "__DBL_MAX_EXP__ 1024\0"
 571      4C5F4D41 
 571      585F4558 
 571      505F5F20 
 571      31303234 
 572 1339 01       		.byte	0x1
 573 133a 00       		.uleb128 0
 574 133b 5F5F4442 		.ascii "__DBL_MAX_10_EXP__ 308\0"
 574      4C5F4D41 
 574      585F3130 
 574      5F455850 
 574      5F5F2033 
 575 1352 01       		.byte	0x1
 576 1353 00       		.uleb128 0
 577 1354 5F5F4442 		.ascii "__DBL_DECIMAL_DIG__ 17\0"
 577      4C5F4445 
 577      43494D41 
 577      4C5F4449 
 577      475F5F20 
 578 136b 01       		.byte	0x1
 579 136c 00       		.uleb128 0
 580 136d 5F5F4442 		.ascii "__DBL_MAX__ ((double)1.79769313486231570814527423731704357e+308L)\0"
 580      4C5F4D41 
 580      585F5F20 
 580      2828646F 
 580      75626C65 
 581 13af 01       		.byte	0x1
 582 13b0 00       		.uleb128 0
 583 13b1 5F5F4442 		.ascii "__DBL_NORM_MAX__ ((double)1.79769313486231570814527423731704357e+308L)\0"
 583      4C5F4E4F 
 583      524D5F4D 
 583      41585F5F 
 583      20282864 
 584 13f8 01       		.byte	0x1
 585 13f9 00       		.uleb128 0
 586 13fa 5F5F4442 		.ascii "__DBL_MIN__ ((double)2.22507385850720138309023271733240406e-308L)\0"
 586      4C5F4D49 
 586      4E5F5F20 
 586      2828646F 
 586      75626C65 
 587 143c 01       		.byte	0x1
 588 143d 00       		.uleb128 0
 589 143e 5F5F4442 		.ascii "__DBL_EPSILON__ ((double)2.22044604925031308084726333618164062e-16L)\0"
 589      4C5F4550 
 589      53494C4F 
 589      4E5F5F20 
 589      2828646F 
 590 1483 01       		.byte	0x1
 591 1484 00       		.uleb128 0
 592 1485 5F5F4442 		.ascii "__DBL_DENORM_MIN__ ((double)4.94065645841246544176568792868221372e-324L)\0"
 592      4C5F4445 
 592      4E4F524D 
 592      5F4D494E 
 592      5F5F2028 
 593 14ce 01       		.byte	0x1
 594 14cf 00       		.uleb128 0
 595 14d0 5F5F4442 		.ascii "__DBL_HAS_DENORM__ 1\0"
 595      4C5F4841 
 595      535F4445 
 595      4E4F524D 
 595      5F5F2031 
 596 14e5 01       		.byte	0x1
 597 14e6 00       		.uleb128 0
 598 14e7 5F5F4442 		.ascii "__DBL_HAS_INFINITY__ 1\0"
 598      4C5F4841 
 598      535F494E 
 598      46494E49 
 598      54595F5F 
 599 14fe 01       		.byte	0x1
 600 14ff 00       		.uleb128 0
 601 1500 5F5F4442 		.ascii "__DBL_HAS_QUIET_NAN__ 1\0"
 601      4C5F4841 
 601      535F5155 
 601      4945545F 
 601      4E414E5F 
 602 1518 01       		.byte	0x1
 603 1519 00       		.uleb128 0
 604 151a 5F5F4442 		.ascii "__DBL_IS_IEC_60559__ 1\0"
 604      4C5F4953 
 604      5F494543 
 604      5F363035 
 604      35395F5F 
 605 1531 01       		.byte	0x1
 606 1532 00       		.uleb128 0
 607 1533 5F5F4C44 		.ascii "__LDBL_MANT_DIG__ 64\0"
 607      424C5F4D 
 607      414E545F 
 607      4449475F 
 607      5F203634 
 608 1548 01       		.byte	0x1
 609 1549 00       		.uleb128 0
 610 154a 5F5F4C44 		.ascii "__LDBL_DIG__ 18\0"
 610      424C5F44 
 610      49475F5F 
 610      20313800 
 611 155a 01       		.byte	0x1
 612 155b 00       		.uleb128 0
 613 155c 5F5F4C44 		.ascii "__LDBL_MIN_EXP__ (-16381)\0"
 613      424C5F4D 
 613      494E5F45 
 613      58505F5F 
 613      20282D31 
 614 1576 01       		.byte	0x1
 615 1577 00       		.uleb128 0
 616 1578 5F5F4C44 		.ascii "__LDBL_MIN_10_EXP__ (-4931)\0"
 616      424C5F4D 
 616      494E5F31 
 616      305F4558 
 616      505F5F20 
 617 1594 01       		.byte	0x1
 618 1595 00       		.uleb128 0
 619 1596 5F5F4C44 		.ascii "__LDBL_MAX_EXP__ 16384\0"
 619      424C5F4D 
 619      41585F45 
 619      58505F5F 
 619      20313633 
 620 15ad 01       		.byte	0x1
 621 15ae 00       		.uleb128 0
 622 15af 5F5F4C44 		.ascii "__LDBL_MAX_10_EXP__ 4932\0"
 622      424C5F4D 
 622      41585F31 
 622      305F4558 
 622      505F5F20 
 623 15c8 01       		.byte	0x1
 624 15c9 00       		.uleb128 0
 625 15ca 5F5F4445 		.ascii "__DECIMAL_DIG__ 21\0"
 625      43494D41 
 625      4C5F4449 
 625      475F5F20 
 625      323100
 626 15dd 01       		.byte	0x1
 627 15de 00       		.uleb128 0
 628 15df 5F5F4C44 		.ascii "__LDBL_DECIMAL_DIG__ 21\0"
 628      424C5F44 
 628      4543494D 
 628      414C5F44 
 628      49475F5F 
 629 15f7 01       		.byte	0x1
 630 15f8 00       		.uleb128 0
 631 15f9 5F5F4C44 		.ascii "__LDBL_MAX__ 1.18973149535723176502126385303097021e+4932L\0"
 631      424C5F4D 
 631      41585F5F 
 631      20312E31 
 631      38393733 
 632 1633 01       		.byte	0x1
 633 1634 00       		.uleb128 0
 634 1635 5F5F4C44 		.ascii "__LDBL_NORM_MAX__ 1.18973149535723176502126385303097021e+4932L\0"
 634      424C5F4E 
 634      4F524D5F 
 634      4D41585F 
 634      5F20312E 
 635 1674 01       		.byte	0x1
 636 1675 00       		.uleb128 0
 637 1676 5F5F4C44 		.ascii "__LDBL_MIN__ 3.36210314311209350626267781732175260e-4932L\0"
 637      424C5F4D 
 637      494E5F5F 
 637      20332E33 
 637      36323130 
 638 16b0 01       		.byte	0x1
 639 16b1 00       		.uleb128 0
 640 16b2 5F5F4C44 		.ascii "__LDBL_EPSILON__ 1.08420217248550443400745280086994171e-19L\0"
 640      424C5F45 
 640      5053494C 
 640      4F4E5F5F 
 640      20312E30 
 641 16ee 01       		.byte	0x1
 642 16ef 00       		.uleb128 0
 643 16f0 5F5F4C44 		.ascii "__LDBL_DENORM_MIN__ 3.64519953188247460252840593361941982e-4951L\0"
 643      424C5F44 
 643      454E4F52 
 643      4D5F4D49 
 643      4E5F5F20 
 644 1731 01       		.byte	0x1
 645 1732 00       		.uleb128 0
 646 1733 5F5F4C44 		.ascii "__LDBL_HAS_DENORM__ 1\0"
 646      424C5F48 
 646      41535F44 
 646      454E4F52 
 646      4D5F5F20 
 647 1749 01       		.byte	0x1
 648 174a 00       		.uleb128 0
 649 174b 5F5F4C44 		.ascii "__LDBL_HAS_INFINITY__ 1\0"
 649      424C5F48 
 649      41535F49 
 649      4E46494E 
 649      4954595F 
 650 1763 01       		.byte	0x1
 651 1764 00       		.uleb128 0
 652 1765 5F5F4C44 		.ascii "__LDBL_HAS_QUIET_NAN__ 1\0"
 652      424C5F48 
 652      41535F51 
 652      55494554 
 652      5F4E414E 
 653 177e 01       		.byte	0x1
 654 177f 00       		.uleb128 0
 655 1780 5F5F4C44 		.ascii "__LDBL_IS_IEC_60559__ 1\0"
 655      424C5F49 
 655      535F4945 
 655      435F3630 
 655      3535395F 
 656 1798 01       		.byte	0x1
 657 1799 00       		.uleb128 0
 658 179a 5F5F464C 		.ascii "__FLT16_MANT_DIG__ 11\0"
 658      5431365F 
 658      4D414E54 
 658      5F444947 
 658      5F5F2031 
 659 17b0 01       		.byte	0x1
 660 17b1 00       		.uleb128 0
 661 17b2 5F5F464C 		.ascii "__FLT16_DIG__ 3\0"
 661      5431365F 
 661      4449475F 
 661      5F203300 
 662 17c2 01       		.byte	0x1
 663 17c3 00       		.uleb128 0
 664 17c4 5F5F464C 		.ascii "__FLT16_MIN_EXP__ (-13)\0"
 664      5431365F 
 664      4D494E5F 
 664      4558505F 
 664      5F20282D 
 665 17dc 01       		.byte	0x1
 666 17dd 00       		.uleb128 0
 667 17de 5F5F464C 		.ascii "__FLT16_MIN_10_EXP__ (-4)\0"
 667      5431365F 
 667      4D494E5F 
 667      31305F45 
 667      58505F5F 
 668 17f8 01       		.byte	0x1
 669 17f9 00       		.uleb128 0
 670 17fa 5F5F464C 		.ascii "__FLT16_MAX_EXP__ 16\0"
 670      5431365F 
 670      4D41585F 
 670      4558505F 
 670      5F203136 
 671 180f 01       		.byte	0x1
 672 1810 00       		.uleb128 0
 673 1811 5F5F464C 		.ascii "__FLT16_MAX_10_EXP__ 4\0"
 673      5431365F 
 673      4D41585F 
 673      31305F45 
 673      58505F5F 
 674 1828 01       		.byte	0x1
 675 1829 00       		.uleb128 0
 676 182a 5F5F464C 		.ascii "__FLT16_DECIMAL_DIG__ 5\0"
 676      5431365F 
 676      44454349 
 676      4D414C5F 
 676      4449475F 
 677 1842 01       		.byte	0x1
 678 1843 00       		.uleb128 0
 679 1844 5F5F464C 		.ascii "__FLT16_MAX__ 6.55040000000000000000000000000000000e+4F16\0"
 679      5431365F 
 679      4D41585F 
 679      5F20362E 
 679      35353034 
 680 187e 01       		.byte	0x1
 681 187f 00       		.uleb128 0
 682 1880 5F5F464C 		.ascii "__FLT16_NORM_MAX__ 6.55040000000000000000000000000000000e+4F16\0"
 682      5431365F 
 682      4E4F524D 
 682      5F4D4158 
 682      5F5F2036 
 683 18bf 01       		.byte	0x1
 684 18c0 00       		.uleb128 0
 685 18c1 5F5F464C 		.ascii "__FLT16_MIN__ 6.10351562500000000000000000000000000e-5F16\0"
 685      5431365F 
 685      4D494E5F 
 685      5F20362E 
 685      31303335 
 686 18fb 01       		.byte	0x1
 687 18fc 00       		.uleb128 0
 688 18fd 5F5F464C 		.ascii "__FLT16_EPSILON__ 9.76562500000000000000000000000000000e-4F16\0"
 688      5431365F 
 688      45505349 
 688      4C4F4E5F 
 688      5F20392E 
 689 193b 01       		.byte	0x1
 690 193c 00       		.uleb128 0
 691 193d 5F5F464C 		.ascii "__FLT16_DENORM_MIN__ 5.96046447753906250000000000000000000e-8F16\0"
 691      5431365F 
 691      44454E4F 
 691      524D5F4D 
 691      494E5F5F 
 692 197e 01       		.byte	0x1
 693 197f 00       		.uleb128 0
 694 1980 5F5F464C 		.ascii "__FLT16_HAS_DENORM__ 1\0"
 694      5431365F 
 694      4841535F 
 694      44454E4F 
 694      524D5F5F 
 695 1997 01       		.byte	0x1
 696 1998 00       		.uleb128 0
 697 1999 5F5F464C 		.ascii "__FLT16_HAS_INFINITY__ 1\0"
 697      5431365F 
 697      4841535F 
 697      494E4649 
 697      4E495459 
 698 19b2 01       		.byte	0x1
 699 19b3 00       		.uleb128 0
 700 19b4 5F5F464C 		.ascii "__FLT16_HAS_QUIET_NAN__ 1\0"
 700      5431365F 
 700      4841535F 
 700      51554945 
 700      545F4E41 
 701 19ce 01       		.byte	0x1
 702 19cf 00       		.uleb128 0
 703 19d0 5F5F464C 		.ascii "__FLT16_IS_IEC_60559__ 1\0"
 703      5431365F 
 703      49535F49 
 703      45435F36 
 703      30353539 
 704 19e9 01       		.byte	0x1
 705 19ea 00       		.uleb128 0
 706 19eb 5F5F464C 		.ascii "__FLT32_MANT_DIG__ 24\0"
 706      5433325F 
 706      4D414E54 
 706      5F444947 
 706      5F5F2032 
 707 1a01 01       		.byte	0x1
 708 1a02 00       		.uleb128 0
 709 1a03 5F5F464C 		.ascii "__FLT32_DIG__ 6\0"
 709      5433325F 
 709      4449475F 
 709      5F203600 
 710 1a13 01       		.byte	0x1
 711 1a14 00       		.uleb128 0
 712 1a15 5F5F464C 		.ascii "__FLT32_MIN_EXP__ (-125)\0"
 712      5433325F 
 712      4D494E5F 
 712      4558505F 
 712      5F20282D 
 713 1a2e 01       		.byte	0x1
 714 1a2f 00       		.uleb128 0
 715 1a30 5F5F464C 		.ascii "__FLT32_MIN_10_EXP__ (-37)\0"
 715      5433325F 
 715      4D494E5F 
 715      31305F45 
 715      58505F5F 
 716 1a4b 01       		.byte	0x1
 717 1a4c 00       		.uleb128 0
 718 1a4d 5F5F464C 		.ascii "__FLT32_MAX_EXP__ 128\0"
 718      5433325F 
 718      4D41585F 
 718      4558505F 
 718      5F203132 
 719 1a63 01       		.byte	0x1
 720 1a64 00       		.uleb128 0
 721 1a65 5F5F464C 		.ascii "__FLT32_MAX_10_EXP__ 38\0"
 721      5433325F 
 721      4D41585F 
 721      31305F45 
 721      58505F5F 
 722 1a7d 01       		.byte	0x1
 723 1a7e 00       		.uleb128 0
 724 1a7f 5F5F464C 		.ascii "__FLT32_DECIMAL_DIG__ 9\0"
 724      5433325F 
 724      44454349 
 724      4D414C5F 
 724      4449475F 
 725 1a97 01       		.byte	0x1
 726 1a98 00       		.uleb128 0
 727 1a99 5F5F464C 		.ascii "__FLT32_MAX__ 3.40282346638528859811704183484516925e+38F32\0"
 727      5433325F 
 727      4D41585F 
 727      5F20332E 
 727      34303238 
 728 1ad4 01       		.byte	0x1
 729 1ad5 00       		.uleb128 0
 730 1ad6 5F5F464C 		.ascii "__FLT32_NORM_MAX__ 3.40282346638528859811704183484516925e+38F32\0"
 730      5433325F 
 730      4E4F524D 
 730      5F4D4158 
 730      5F5F2033 
 731 1b16 01       		.byte	0x1
 732 1b17 00       		.uleb128 0
 733 1b18 5F5F464C 		.ascii "__FLT32_MIN__ 1.17549435082228750796873653722224568e-38F32\0"
 733      5433325F 
 733      4D494E5F 
 733      5F20312E 
 733      31373534 
 734 1b53 01       		.byte	0x1
 735 1b54 00       		.uleb128 0
 736 1b55 5F5F464C 		.ascii "__FLT32_EPSILON__ 1.19209289550781250000000000000000000e-7F32\0"
 736      5433325F 
 736      45505349 
 736      4C4F4E5F 
 736      5F20312E 
 737 1b93 01       		.byte	0x1
 738 1b94 00       		.uleb128 0
 739 1b95 5F5F464C 		.ascii "__FLT32_DENORM_MIN__ 1.40129846432481707092372958328991613e-45F32\0"
 739      5433325F 
 739      44454E4F 
 739      524D5F4D 
 739      494E5F5F 
 740 1bd7 01       		.byte	0x1
 741 1bd8 00       		.uleb128 0
 742 1bd9 5F5F464C 		.ascii "__FLT32_HAS_DENORM__ 1\0"
 742      5433325F 
 742      4841535F 
 742      44454E4F 
 742      524D5F5F 
 743 1bf0 01       		.byte	0x1
 744 1bf1 00       		.uleb128 0
 745 1bf2 5F5F464C 		.ascii "__FLT32_HAS_INFINITY__ 1\0"
 745      5433325F 
 745      4841535F 
 745      494E4649 
 745      4E495459 
 746 1c0b 01       		.byte	0x1
 747 1c0c 00       		.uleb128 0
 748 1c0d 5F5F464C 		.ascii "__FLT32_HAS_QUIET_NAN__ 1\0"
 748      5433325F 
 748      4841535F 
 748      51554945 
 748      545F4E41 
 749 1c27 01       		.byte	0x1
 750 1c28 00       		.uleb128 0
 751 1c29 5F5F464C 		.ascii "__FLT32_IS_IEC_60559__ 1\0"
 751      5433325F 
 751      49535F49 
 751      45435F36 
 751      30353539 
 752 1c42 01       		.byte	0x1
 753 1c43 00       		.uleb128 0
 754 1c44 5F5F464C 		.ascii "__FLT64_MANT_DIG__ 53\0"
 754      5436345F 
 754      4D414E54 
 754      5F444947 
 754      5F5F2035 
 755 1c5a 01       		.byte	0x1
 756 1c5b 00       		.uleb128 0
 757 1c5c 5F5F464C 		.ascii "__FLT64_DIG__ 15\0"
 757      5436345F 
 757      4449475F 
 757      5F203135 
 757      00
 758 1c6d 01       		.byte	0x1
 759 1c6e 00       		.uleb128 0
 760 1c6f 5F5F464C 		.ascii "__FLT64_MIN_EXP__ (-1021)\0"
 760      5436345F 
 760      4D494E5F 
 760      4558505F 
 760      5F20282D 
 761 1c89 01       		.byte	0x1
 762 1c8a 00       		.uleb128 0
 763 1c8b 5F5F464C 		.ascii "__FLT64_MIN_10_EXP__ (-307)\0"
 763      5436345F 
 763      4D494E5F 
 763      31305F45 
 763      58505F5F 
 764 1ca7 01       		.byte	0x1
 765 1ca8 00       		.uleb128 0
 766 1ca9 5F5F464C 		.ascii "__FLT64_MAX_EXP__ 1024\0"
 766      5436345F 
 766      4D41585F 
 766      4558505F 
 766      5F203130 
 767 1cc0 01       		.byte	0x1
 768 1cc1 00       		.uleb128 0
 769 1cc2 5F5F464C 		.ascii "__FLT64_MAX_10_EXP__ 308\0"
 769      5436345F 
 769      4D41585F 
 769      31305F45 
 769      58505F5F 
 770 1cdb 01       		.byte	0x1
 771 1cdc 00       		.uleb128 0
 772 1cdd 5F5F464C 		.ascii "__FLT64_DECIMAL_DIG__ 17\0"
 772      5436345F 
 772      44454349 
 772      4D414C5F 
 772      4449475F 
 773 1cf6 01       		.byte	0x1
 774 1cf7 00       		.uleb128 0
 775 1cf8 5F5F464C 		.ascii "__FLT64_MAX__ 1.79769313486231570814527423731704357e+308F64\0"
 775      5436345F 
 775      4D41585F 
 775      5F20312E 
 775      37393736 
 776 1d34 01       		.byte	0x1
 777 1d35 00       		.uleb128 0
 778 1d36 5F5F464C 		.ascii "__FLT64_NORM_MAX__ 1.79769313486231570814527423731704357e+308F64\0"
 778      5436345F 
 778      4E4F524D 
 778      5F4D4158 
 778      5F5F2031 
 779 1d77 01       		.byte	0x1
 780 1d78 00       		.uleb128 0
 781 1d79 5F5F464C 		.ascii "__FLT64_MIN__ 2.22507385850720138309023271733240406e-308F64\0"
 781      5436345F 
 781      4D494E5F 
 781      5F20322E 
 781      32323530 
 782 1db5 01       		.byte	0x1
 783 1db6 00       		.uleb128 0
 784 1db7 5F5F464C 		.ascii "__FLT64_EPSILON__ 2.22044604925031308084726333618164062e-16F64\0"
 784      5436345F 
 784      45505349 
 784      4C4F4E5F 
 784      5F20322E 
 785 1df6 01       		.byte	0x1
 786 1df7 00       		.uleb128 0
 787 1df8 5F5F464C 		.ascii "__FLT64_DENORM_MIN__ 4.94065645841246544176568792868221372e-324F64\0"
 787      5436345F 
 787      44454E4F 
 787      524D5F4D 
 787      494E5F5F 
 788 1e3b 01       		.byte	0x1
 789 1e3c 00       		.uleb128 0
 790 1e3d 5F5F464C 		.ascii "__FLT64_HAS_DENORM__ 1\0"
 790      5436345F 
 790      4841535F 
 790      44454E4F 
 790      524D5F5F 
 791 1e54 01       		.byte	0x1
 792 1e55 00       		.uleb128 0
 793 1e56 5F5F464C 		.ascii "__FLT64_HAS_INFINITY__ 1\0"
 793      5436345F 
 793      4841535F 
 793      494E4649 
 793      4E495459 
 794 1e6f 01       		.byte	0x1
 795 1e70 00       		.uleb128 0
 796 1e71 5F5F464C 		.ascii "__FLT64_HAS_QUIET_NAN__ 1\0"
 796      5436345F 
 796      4841535F 
 796      51554945 
 796      545F4E41 
 797 1e8b 01       		.byte	0x1
 798 1e8c 00       		.uleb128 0
 799 1e8d 5F5F464C 		.ascii "__FLT64_IS_IEC_60559__ 1\0"
 799      5436345F 
 799      49535F49 
 799      45435F36 
 799      30353539 
 800 1ea6 01       		.byte	0x1
 801 1ea7 00       		.uleb128 0
 802 1ea8 5F5F464C 		.ascii "__FLT128_MANT_DIG__ 113\0"
 802      54313238 
 802      5F4D414E 
 802      545F4449 
 802      475F5F20 
 803 1ec0 01       		.byte	0x1
 804 1ec1 00       		.uleb128 0
 805 1ec2 5F5F464C 		.ascii "__FLT128_DIG__ 33\0"
 805      54313238 
 805      5F444947 
 805      5F5F2033 
 805      3300
 806 1ed4 01       		.byte	0x1
 807 1ed5 00       		.uleb128 0
 808 1ed6 5F5F464C 		.ascii "__FLT128_MIN_EXP__ (-16381)\0"
 808      54313238 
 808      5F4D494E 
 808      5F455850 
 808      5F5F2028 
 809 1ef2 01       		.byte	0x1
 810 1ef3 00       		.uleb128 0
 811 1ef4 5F5F464C 		.ascii "__FLT128_MIN_10_EXP__ (-4931)\0"
 811      54313238 
 811      5F4D494E 
 811      5F31305F 
 811      4558505F 
 812 1f12 01       		.byte	0x1
 813 1f13 00       		.uleb128 0
 814 1f14 5F5F464C 		.ascii "__FLT128_MAX_EXP__ 16384\0"
 814      54313238 
 814      5F4D4158 
 814      5F455850 
 814      5F5F2031 
 815 1f2d 01       		.byte	0x1
 816 1f2e 00       		.uleb128 0
 817 1f2f 5F5F464C 		.ascii "__FLT128_MAX_10_EXP__ 4932\0"
 817      54313238 
 817      5F4D4158 
 817      5F31305F 
 817      4558505F 
 818 1f4a 01       		.byte	0x1
 819 1f4b 00       		.uleb128 0
 820 1f4c 5F5F464C 		.ascii "__FLT128_DECIMAL_DIG__ 36\0"
 820      54313238 
 820      5F444543 
 820      494D414C 
 820      5F444947 
 821 1f66 01       		.byte	0x1
 822 1f67 00       		.uleb128 0
 823 1f68 5F5F464C 		.ascii "__FLT128_MAX__ 1.18973149535723176508575932662800702e+4932F128\0"
 823      54313238 
 823      5F4D4158 
 823      5F5F2031 
 823      2E313839 
 824 1fa7 01       		.byte	0x1
 825 1fa8 00       		.uleb128 0
 826 1fa9 5F5F464C 		.ascii "__FLT128_NORM_MAX__ 1.18973149535723176508575932662800702e+4932F128\0"
 826      54313238 
 826      5F4E4F52 
 826      4D5F4D41 
 826      585F5F20 
 827 1fed 01       		.byte	0x1
 828 1fee 00       		.uleb128 0
 829 1fef 5F5F464C 		.ascii "__FLT128_MIN__ 3.36210314311209350626267781732175260e-4932F128\0"
 829      54313238 
 829      5F4D494E 
 829      5F5F2033 
 829      2E333632 
 830 202e 01       		.byte	0x1
 831 202f 00       		.uleb128 0
 832 2030 5F5F464C 		.ascii "__FLT128_EPSILON__ 1.92592994438723585305597794258492732e-34F128\0"
 832      54313238 
 832      5F455053 
 832      494C4F4E 
 832      5F5F2031 
 833 2071 01       		.byte	0x1
 834 2072 00       		.uleb128 0
 835 2073 5F5F464C 		.ascii "__FLT128_DENORM_MIN__ 6.47517511943802511092443895822764655e-4966F128\0"
 835      54313238 
 835      5F44454E 
 835      4F524D5F 
 835      4D494E5F 
 836 20b9 01       		.byte	0x1
 837 20ba 00       		.uleb128 0
 838 20bb 5F5F464C 		.ascii "__FLT128_HAS_DENORM__ 1\0"
 838      54313238 
 838      5F484153 
 838      5F44454E 
 838      4F524D5F 
 839 20d3 01       		.byte	0x1
 840 20d4 00       		.uleb128 0
 841 20d5 5F5F464C 		.ascii "__FLT128_HAS_INFINITY__ 1\0"
 841      54313238 
 841      5F484153 
 841      5F494E46 
 841      494E4954 
 842 20ef 01       		.byte	0x1
 843 20f0 00       		.uleb128 0
 844 20f1 5F5F464C 		.ascii "__FLT128_HAS_QUIET_NAN__ 1\0"
 844      54313238 
 844      5F484153 
 844      5F515549 
 844      45545F4E 
 845 210c 01       		.byte	0x1
 846 210d 00       		.uleb128 0
 847 210e 5F5F464C 		.ascii "__FLT128_IS_IEC_60559__ 1\0"
 847      54313238 
 847      5F49535F 
 847      4945435F 
 847      36303535 
 848 2128 01       		.byte	0x1
 849 2129 00       		.uleb128 0
 850 212a 5F5F464C 		.ascii "__FLT32X_MANT_DIG__ 53\0"
 850      54333258 
 850      5F4D414E 
 850      545F4449 
 850      475F5F20 
 851 2141 01       		.byte	0x1
 852 2142 00       		.uleb128 0
 853 2143 5F5F464C 		.ascii "__FLT32X_DIG__ 15\0"
 853      54333258 
 853      5F444947 
 853      5F5F2031 
 853      3500
 854 2155 01       		.byte	0x1
 855 2156 00       		.uleb128 0
 856 2157 5F5F464C 		.ascii "__FLT32X_MIN_EXP__ (-1021)\0"
 856      54333258 
 856      5F4D494E 
 856      5F455850 
 856      5F5F2028 
 857 2172 01       		.byte	0x1
 858 2173 00       		.uleb128 0
 859 2174 5F5F464C 		.ascii "__FLT32X_MIN_10_EXP__ (-307)\0"
 859      54333258 
 859      5F4D494E 
 859      5F31305F 
 859      4558505F 
 860 2191 01       		.byte	0x1
 861 2192 00       		.uleb128 0
 862 2193 5F5F464C 		.ascii "__FLT32X_MAX_EXP__ 1024\0"
 862      54333258 
 862      5F4D4158 
 862      5F455850 
 862      5F5F2031 
 863 21ab 01       		.byte	0x1
 864 21ac 00       		.uleb128 0
 865 21ad 5F5F464C 		.ascii "__FLT32X_MAX_10_EXP__ 308\0"
 865      54333258 
 865      5F4D4158 
 865      5F31305F 
 865      4558505F 
 866 21c7 01       		.byte	0x1
 867 21c8 00       		.uleb128 0
 868 21c9 5F5F464C 		.ascii "__FLT32X_DECIMAL_DIG__ 17\0"
 868      54333258 
 868      5F444543 
 868      494D414C 
 868      5F444947 
 869 21e3 01       		.byte	0x1
 870 21e4 00       		.uleb128 0
 871 21e5 5F5F464C 		.ascii "__FLT32X_MAX__ 1.79769313486231570814527423731704357e+308F32x\0"
 871      54333258 
 871      5F4D4158 
 871      5F5F2031 
 871      2E373937 
 872 2223 01       		.byte	0x1
 873 2224 00       		.uleb128 0
 874 2225 5F5F464C 		.ascii "__FLT32X_NORM_MAX__ 1.79769313486231570814527423731704357e+308F32x\0"
 874      54333258 
 874      5F4E4F52 
 874      4D5F4D41 
 874      585F5F20 
 875 2268 01       		.byte	0x1
 876 2269 00       		.uleb128 0
 877 226a 5F5F464C 		.ascii "__FLT32X_MIN__ 2.22507385850720138309023271733240406e-308F32x\0"
 877      54333258 
 877      5F4D494E 
 877      5F5F2032 
 877      2E323235 
 878 22a8 01       		.byte	0x1
 879 22a9 00       		.uleb128 0
 880 22aa 5F5F464C 		.ascii "__FLT32X_EPSILON__ 2.22044604925031308084726333618164062e-16F32x\0"
 880      54333258 
 880      5F455053 
 880      494C4F4E 
 880      5F5F2032 
 881 22eb 01       		.byte	0x1
 882 22ec 00       		.uleb128 0
 883 22ed 5F5F464C 		.ascii "__FLT32X_DENORM_MIN__ 4.94065645841246544176568792868221372e-324F32x\0"
 883      54333258 
 883      5F44454E 
 883      4F524D5F 
 883      4D494E5F 
 884 2332 01       		.byte	0x1
 885 2333 00       		.uleb128 0
 886 2334 5F5F464C 		.ascii "__FLT32X_HAS_DENORM__ 1\0"
 886      54333258 
 886      5F484153 
 886      5F44454E 
 886      4F524D5F 
 887 234c 01       		.byte	0x1
 888 234d 00       		.uleb128 0
 889 234e 5F5F464C 		.ascii "__FLT32X_HAS_INFINITY__ 1\0"
 889      54333258 
 889      5F484153 
 889      5F494E46 
 889      494E4954 
 890 2368 01       		.byte	0x1
 891 2369 00       		.uleb128 0
 892 236a 5F5F464C 		.ascii "__FLT32X_HAS_QUIET_NAN__ 1\0"
 892      54333258 
 892      5F484153 
 892      5F515549 
 892      45545F4E 
 893 2385 01       		.byte	0x1
 894 2386 00       		.uleb128 0
 895 2387 5F5F464C 		.ascii "__FLT32X_IS_IEC_60559__ 1\0"
 895      54333258 
 895      5F49535F 
 895      4945435F 
 895      36303535 
 896 23a1 01       		.byte	0x1
 897 23a2 00       		.uleb128 0
 898 23a3 5F5F464C 		.ascii "__FLT64X_MANT_DIG__ 64\0"
 898      54363458 
 898      5F4D414E 
 898      545F4449 
 898      475F5F20 
 899 23ba 01       		.byte	0x1
 900 23bb 00       		.uleb128 0
 901 23bc 5F5F464C 		.ascii "__FLT64X_DIG__ 18\0"
 901      54363458 
 901      5F444947 
 901      5F5F2031 
 901      3800
 902 23ce 01       		.byte	0x1
 903 23cf 00       		.uleb128 0
 904 23d0 5F5F464C 		.ascii "__FLT64X_MIN_EXP__ (-16381)\0"
 904      54363458 
 904      5F4D494E 
 904      5F455850 
 904      5F5F2028 
 905 23ec 01       		.byte	0x1
 906 23ed 00       		.uleb128 0
 907 23ee 5F5F464C 		.ascii "__FLT64X_MIN_10_EXP__ (-4931)\0"
 907      54363458 
 907      5F4D494E 
 907      5F31305F 
 907      4558505F 
 908 240c 01       		.byte	0x1
 909 240d 00       		.uleb128 0
 910 240e 5F5F464C 		.ascii "__FLT64X_MAX_EXP__ 16384\0"
 910      54363458 
 910      5F4D4158 
 910      5F455850 
 910      5F5F2031 
 911 2427 01       		.byte	0x1
 912 2428 00       		.uleb128 0
 913 2429 5F5F464C 		.ascii "__FLT64X_MAX_10_EXP__ 4932\0"
 913      54363458 
 913      5F4D4158 
 913      5F31305F 
 913      4558505F 
 914 2444 01       		.byte	0x1
 915 2445 00       		.uleb128 0
 916 2446 5F5F464C 		.ascii "__FLT64X_DECIMAL_DIG__ 21\0"
 916      54363458 
 916      5F444543 
 916      494D414C 
 916      5F444947 
 917 2460 01       		.byte	0x1
 918 2461 00       		.uleb128 0
 919 2462 5F5F464C 		.ascii "__FLT64X_MAX__ 1.18973149535723176502126385303097021e+4932F64x\0"
 919      54363458 
 919      5F4D4158 
 919      5F5F2031 
 919      2E313839 
 920 24a1 01       		.byte	0x1
 921 24a2 00       		.uleb128 0
 922 24a3 5F5F464C 		.ascii "__FLT64X_NORM_MAX__ 1.18973149535723176502126385303097021e+4932F64x\0"
 922      54363458 
 922      5F4E4F52 
 922      4D5F4D41 
 922      585F5F20 
 923 24e7 01       		.byte	0x1
 924 24e8 00       		.uleb128 0
 925 24e9 5F5F464C 		.ascii "__FLT64X_MIN__ 3.36210314311209350626267781732175260e-4932F64x\0"
 925      54363458 
 925      5F4D494E 
 925      5F5F2033 
 925      2E333632 
 926 2528 01       		.byte	0x1
 927 2529 00       		.uleb128 0
 928 252a 5F5F464C 		.ascii "__FLT64X_EPSILON__ 1.08420217248550443400745280086994171e-19F64x\0"
 928      54363458 
 928      5F455053 
 928      494C4F4E 
 928      5F5F2031 
 929 256b 01       		.byte	0x1
 930 256c 00       		.uleb128 0
 931 256d 5F5F464C 		.ascii "__FLT64X_DENORM_MIN__ 3.64519953188247460252840593361941982e-4951F64x\0"
 931      54363458 
 931      5F44454E 
 931      4F524D5F 
 931      4D494E5F 
 932 25b3 01       		.byte	0x1
 933 25b4 00       		.uleb128 0
 934 25b5 5F5F464C 		.ascii "__FLT64X_HAS_DENORM__ 1\0"
 934      54363458 
 934      5F484153 
 934      5F44454E 
 934      4F524D5F 
 935 25cd 01       		.byte	0x1
 936 25ce 00       		.uleb128 0
 937 25cf 5F5F464C 		.ascii "__FLT64X_HAS_INFINITY__ 1\0"
 937      54363458 
 937      5F484153 
 937      5F494E46 
 937      494E4954 
 938 25e9 01       		.byte	0x1
 939 25ea 00       		.uleb128 0
 940 25eb 5F5F464C 		.ascii "__FLT64X_HAS_QUIET_NAN__ 1\0"
 940      54363458 
 940      5F484153 
 940      5F515549 
 940      45545F4E 
 941 2606 01       		.byte	0x1
 942 2607 00       		.uleb128 0
 943 2608 5F5F464C 		.ascii "__FLT64X_IS_IEC_60559__ 1\0"
 943      54363458 
 943      5F49535F 
 943      4945435F 
 943      36303535 
 944 2622 01       		.byte	0x1
 945 2623 00       		.uleb128 0
 946 2624 5F5F4246 		.ascii "__BFLT16_MANT_DIG__ 8\0"
 946      4C543136 
 946      5F4D414E 
 946      545F4449 
 946      475F5F20 
 947 263a 01       		.byte	0x1
 948 263b 00       		.uleb128 0
 949 263c 5F5F4246 		.ascii "__BFLT16_DIG__ 2\0"
 949      4C543136 
 949      5F444947 
 949      5F5F2032 
 949      00
 950 264d 01       		.byte	0x1
 951 264e 00       		.uleb128 0
 952 264f 5F5F4246 		.ascii "__BFLT16_MIN_EXP__ (-125)\0"
 952      4C543136 
 952      5F4D494E 
 952      5F455850 
 952      5F5F2028 
 953 2669 01       		.byte	0x1
 954 266a 00       		.uleb128 0
 955 266b 5F5F4246 		.ascii "__BFLT16_MIN_10_EXP__ (-37)\0"
 955      4C543136 
 955      5F4D494E 
 955      5F31305F 
 955      4558505F 
 956 2687 01       		.byte	0x1
 957 2688 00       		.uleb128 0
 958 2689 5F5F4246 		.ascii "__BFLT16_MAX_EXP__ 128\0"
 958      4C543136 
 958      5F4D4158 
 958      5F455850 
 958      5F5F2031 
 959 26a0 01       		.byte	0x1
 960 26a1 00       		.uleb128 0
 961 26a2 5F5F4246 		.ascii "__BFLT16_MAX_10_EXP__ 38\0"
 961      4C543136 
 961      5F4D4158 
 961      5F31305F 
 961      4558505F 
 962 26bb 01       		.byte	0x1
 963 26bc 00       		.uleb128 0
 964 26bd 5F5F4246 		.ascii "__BFLT16_DECIMAL_DIG__ 4\0"
 964      4C543136 
 964      5F444543 
 964      494D414C 
 964      5F444947 
 965 26d6 01       		.byte	0x1
 966 26d7 00       		.uleb128 0
 967 26d8 5F5F4246 		.ascii "__BFLT16_MAX__ 3.38953138925153547590470800371487867e+38BF16\0"
 967      4C543136 
 967      5F4D4158 
 967      5F5F2033 
 967      2E333839 
 968 2715 01       		.byte	0x1
 969 2716 00       		.uleb128 0
 970 2717 5F5F4246 		.ascii "__BFLT16_NORM_MAX__ 3.38953138925153547590470800371487867e+38BF16\0"
 970      4C543136 
 970      5F4E4F52 
 970      4D5F4D41 
 970      585F5F20 
 971 2759 01       		.byte	0x1
 972 275a 00       		.uleb128 0
 973 275b 5F5F4246 		.ascii "__BFLT16_MIN__ 1.17549435082228750796873653722224568e-38BF16\0"
 973      4C543136 
 973      5F4D494E 
 973      5F5F2031 
 973      2E313735 
 974 2798 01       		.byte	0x1
 975 2799 00       		.uleb128 0
 976 279a 5F5F4246 		.ascii "__BFLT16_EPSILON__ 7.81250000000000000000000000000000000e-3BF16\0"
 976      4C543136 
 976      5F455053 
 976      494C4F4E 
 976      5F5F2037 
 977 27da 01       		.byte	0x1
 978 27db 00       		.uleb128 0
 979 27dc 5F5F4246 		.ascii "__BFLT16_DENORM_MIN__ 9.18354961579912115600575419704879436e-41BF16\0"
 979      4C543136 
 979      5F44454E 
 979      4F524D5F 
 979      4D494E5F 
 980 2820 01       		.byte	0x1
 981 2821 00       		.uleb128 0
 982 2822 5F5F4246 		.ascii "__BFLT16_HAS_DENORM__ 1\0"
 982      4C543136 
 982      5F484153 
 982      5F44454E 
 982      4F524D5F 
 983 283a 01       		.byte	0x1
 984 283b 00       		.uleb128 0
 985 283c 5F5F4246 		.ascii "__BFLT16_HAS_INFINITY__ 1\0"
 985      4C543136 
 985      5F484153 
 985      5F494E46 
 985      494E4954 
 986 2856 01       		.byte	0x1
 987 2857 00       		.uleb128 0
 988 2858 5F5F4246 		.ascii "__BFLT16_HAS_QUIET_NAN__ 1\0"
 988      4C543136 
 988      5F484153 
 988      5F515549 
 988      45545F4E 
 989 2873 01       		.byte	0x1
 990 2874 00       		.uleb128 0
 991 2875 5F5F4246 		.ascii "__BFLT16_IS_IEC_60559__ 0\0"
 991      4C543136 
 991      5F49535F 
 991      4945435F 
 991      36303535 
 992 288f 01       		.byte	0x1
 993 2890 00       		.uleb128 0
 994 2891 5F5F4445 		.ascii "__DEC32_MANT_DIG__ 7\0"
 994      4333325F 
 994      4D414E54 
 994      5F444947 
 994      5F5F2037 
 995 28a6 01       		.byte	0x1
 996 28a7 00       		.uleb128 0
 997 28a8 5F5F4445 		.ascii "__DEC32_MIN_EXP__ (-94)\0"
 997      4333325F 
 997      4D494E5F 
 997      4558505F 
 997      5F20282D 
 998 28c0 01       		.byte	0x1
 999 28c1 00       		.uleb128 0
 1000 28c2 5F5F4445 		.ascii "__DEC32_MAX_EXP__ 97\0"
 1000      4333325F 
 1000      4D41585F 
 1000      4558505F 
 1000      5F203937 
 1001 28d7 01       		.byte	0x1
 1002 28d8 00       		.uleb128 0
 1003 28d9 5F5F4445 		.ascii "__DEC32_MIN__ 1E-95DF\0"
 1003      4333325F 
 1003      4D494E5F 
 1003      5F203145 
 1003      2D393544 
 1004 28ef 01       		.byte	0x1
 1005 28f0 00       		.uleb128 0
 1006 28f1 5F5F4445 		.ascii "__DEC32_MAX__ 9.999999E96DF\0"
 1006      4333325F 
 1006      4D41585F 
 1006      5F20392E 
 1006      39393939 
 1007 290d 01       		.byte	0x1
 1008 290e 00       		.uleb128 0
 1009 290f 5F5F4445 		.ascii "__DEC32_EPSILON__ 1E-6DF\0"
 1009      4333325F 
 1009      45505349 
 1009      4C4F4E5F 
 1009      5F203145 
 1010 2928 01       		.byte	0x1
 1011 2929 00       		.uleb128 0
 1012 292a 5F5F4445 		.ascii "__DEC32_SUBNORMAL_MIN__ 0.000001E-95DF\0"
 1012      4333325F 
 1012      5355424E 
 1012      4F524D41 
 1012      4C5F4D49 
 1013 2951 01       		.byte	0x1
 1014 2952 00       		.uleb128 0
 1015 2953 5F5F4445 		.ascii "__DEC64_MANT_DIG__ 16\0"
 1015      4336345F 
 1015      4D414E54 
 1015      5F444947 
 1015      5F5F2031 
 1016 2969 01       		.byte	0x1
 1017 296a 00       		.uleb128 0
 1018 296b 5F5F4445 		.ascii "__DEC64_MIN_EXP__ (-382)\0"
 1018      4336345F 
 1018      4D494E5F 
 1018      4558505F 
 1018      5F20282D 
 1019 2984 01       		.byte	0x1
 1020 2985 00       		.uleb128 0
 1021 2986 5F5F4445 		.ascii "__DEC64_MAX_EXP__ 385\0"
 1021      4336345F 
 1021      4D41585F 
 1021      4558505F 
 1021      5F203338 
 1022 299c 01       		.byte	0x1
 1023 299d 00       		.uleb128 0
 1024 299e 5F5F4445 		.ascii "__DEC64_MIN__ 1E-383DD\0"
 1024      4336345F 
 1024      4D494E5F 
 1024      5F203145 
 1024      2D333833 
 1025 29b5 01       		.byte	0x1
 1026 29b6 00       		.uleb128 0
 1027 29b7 5F5F4445 		.ascii "__DEC64_MAX__ 9.999999999999999E384DD\0"
 1027      4336345F 
 1027      4D41585F 
 1027      5F20392E 
 1027      39393939 
 1028 29dd 01       		.byte	0x1
 1029 29de 00       		.uleb128 0
 1030 29df 5F5F4445 		.ascii "__DEC64_EPSILON__ 1E-15DD\0"
 1030      4336345F 
 1030      45505349 
 1030      4C4F4E5F 
 1030      5F203145 
 1031 29f9 01       		.byte	0x1
 1032 29fa 00       		.uleb128 0
 1033 29fb 5F5F4445 		.ascii "__DEC64_SUBNORMAL_MIN__ 0.000000000000001E-383DD\0"
 1033      4336345F 
 1033      5355424E 
 1033      4F524D41 
 1033      4C5F4D49 
 1034 2a2c 01       		.byte	0x1
 1035 2a2d 00       		.uleb128 0
 1036 2a2e 5F5F4445 		.ascii "__DEC128_MANT_DIG__ 34\0"
 1036      43313238 
 1036      5F4D414E 
 1036      545F4449 
 1036      475F5F20 
 1037 2a45 01       		.byte	0x1
 1038 2a46 00       		.uleb128 0
 1039 2a47 5F5F4445 		.ascii "__DEC128_MIN_EXP__ (-6142)\0"
 1039      43313238 
 1039      5F4D494E 
 1039      5F455850 
 1039      5F5F2028 
 1040 2a62 01       		.byte	0x1
 1041 2a63 00       		.uleb128 0
 1042 2a64 5F5F4445 		.ascii "__DEC128_MAX_EXP__ 6145\0"
 1042      43313238 
 1042      5F4D4158 
 1042      5F455850 
 1042      5F5F2036 
 1043 2a7c 01       		.byte	0x1
 1044 2a7d 00       		.uleb128 0
 1045 2a7e 5F5F4445 		.ascii "__DEC128_MIN__ 1E-6143DL\0"
 1045      43313238 
 1045      5F4D494E 
 1045      5F5F2031 
 1045      452D3631 
 1046 2a97 01       		.byte	0x1
 1047 2a98 00       		.uleb128 0
 1048 2a99 5F5F4445 		.ascii "__DEC128_MAX__ 9.999999999999999999999999999999999E6144DL\0"
 1048      43313238 
 1048      5F4D4158 
 1048      5F5F2039 
 1048      2E393939 
 1049 2ad3 01       		.byte	0x1
 1050 2ad4 00       		.uleb128 0
 1051 2ad5 5F5F4445 		.ascii "__DEC128_EPSILON__ 1E-33DL\0"
 1051      43313238 
 1051      5F455053 
 1051      494C4F4E 
 1051      5F5F2031 
 1052 2af0 01       		.byte	0x1
 1053 2af1 00       		.uleb128 0
 1054 2af2 5F5F4445 		.ascii "__DEC128_SUBNORMAL_MIN__ 0.000000000000000000000000000000001E-6143DL\0"
 1054      43313238 
 1054      5F535542 
 1054      4E4F524D 
 1054      414C5F4D 
 1055 2b37 01       		.byte	0x1
 1056 2b38 00       		.uleb128 0
 1057 2b39 5F5F5245 		.ascii "__REGISTER_PREFIX__ \0"
 1057      47495354 
 1057      45525F50 
 1057      52454649 
 1057      585F5F20 
 1058 2b4e 01       		.byte	0x1
 1059 2b4f 00       		.uleb128 0
 1060 2b50 5F5F5553 		.ascii "__USER_LABEL_PREFIX__ \0"
 1060      45525F4C 
 1060      4142454C 
 1060      5F505245 
 1060      4649585F 
 1061 2b67 01       		.byte	0x1
 1062 2b68 00       		.uleb128 0
 1063 2b69 5F5F474E 		.ascii "__GNUC_STDC_INLINE__ 1\0"
 1063      55435F53 
 1063      5444435F 
 1063      494E4C49 
 1063      4E455F5F 
 1064 2b80 01       		.byte	0x1
 1065 2b81 00       		.uleb128 0
 1066 2b82 5F5F5354 		.ascii "__STRICT_ANSI__ 1\0"
 1066      52494354 
 1066      5F414E53 
 1066      495F5F20 
 1066      3100
 1067 2b94 01       		.byte	0x1
 1068 2b95 00       		.uleb128 0
 1069 2b96 5F5F4743 		.ascii "__GCC_HAVE_SYNC_COMPARE_AND_SWAP_1 1\0"
 1069      435F4841 
 1069      56455F53 
 1069      594E435F 
 1069      434F4D50 
 1070 2bbb 01       		.byte	0x1
 1071 2bbc 00       		.uleb128 0
 1072 2bbd 5F5F4743 		.ascii "__GCC_HAVE_SYNC_COMPARE_AND_SWAP_2 1\0"
 1072      435F4841 
 1072      56455F53 
 1072      594E435F 
 1072      434F4D50 
 1073 2be2 01       		.byte	0x1
 1074 2be3 00       		.uleb128 0
 1075 2be4 5F5F4743 		.ascii "__GCC_HAVE_SYNC_COMPARE_AND_SWAP_4 1\0"
 1075      435F4841 
 1075      56455F53 
 1075      594E435F 
 1075      434F4D50 
 1076 2c09 01       		.byte	0x1
 1077 2c0a 00       		.uleb128 0
 1078 2c0b 5F5F4743 		.ascii "__GCC_HAVE_SYNC_COMPARE_AND_SWAP_8 1\0"
 1078      435F4841 
 1078      56455F53 
 1078      594E435F 
 1078      434F4D50 
 1079 2c30 01       		.byte	0x1
 1080 2c31 00       		.uleb128 0
 1081 2c32 5F5F4743 		.ascii "__GCC_HAVE_SYNC_COMPARE_AND_SWAP_16 1\0"
 1081      435F4841 
 1081      56455F53 
 1081      594E435F 
 1081      434F4D50 
 1082 2c58 01       		.byte	0x1
 1083 2c59 00       		.uleb128 0
 1084 2c5a 5F5F4743 		.ascii "__GCC_ATOMIC_BOOL_LOCK_FREE 2\0"
 1084      435F4154 
 1084      4F4D4943 
 1084      5F424F4F 
 1084      4C5F4C4F 
 1085 2c78 01       		.byte	0x1
 1086 2c79 00       		.uleb128 0
 1087 2c7a 5F5F4743 		.ascii "__GCC_ATOMIC_CHAR_LOCK_FREE 2\0"
 1087      435F4154 
 1087      4F4D4943 
 1087      5F434841 
 1087      525F4C4F 
 1088 2c98 01       		.byte	0x1
 1089 2c99 00       		.uleb128 0
 1090 2c9a 5F5F4743 		.ascii "__GCC_ATOMIC_CHAR16_T_LOCK_FREE 2\0"
 1090      435F4154 
 1090      4F4D4943 
 1090      5F434841 
 1090      5231365F 
 1091 2cbc 01       		.byte	0x1
 1092 2cbd 00       		.uleb128 0
 1093 2cbe 5F5F4743 		.ascii "__GCC_ATOMIC_CHAR32_T_LOCK_FREE 2\0"
 1093      435F4154 
 1093      4F4D4943 
 1093      5F434841 
 1093      5233325F 
 1094 2ce0 01       		.byte	0x1
 1095 2ce1 00       		.uleb128 0
 1096 2ce2 5F5F4743 		.ascii "__GCC_ATOMIC_WCHAR_T_LOCK_FREE 2\0"
 1096      435F4154 
 1096      4F4D4943 
 1096      5F574348 
 1096      41525F54 
 1097 2d03 01       		.byte	0x1
 1098 2d04 00       		.uleb128 0
 1099 2d05 5F5F4743 		.ascii "__GCC_ATOMIC_SHORT_LOCK_FREE 2\0"
 1099      435F4154 
 1099      4F4D4943 
 1099      5F53484F 
 1099      52545F4C 
 1100 2d24 01       		.byte	0x1
 1101 2d25 00       		.uleb128 0
 1102 2d26 5F5F4743 		.ascii "__GCC_ATOMIC_INT_LOCK_FREE 2\0"
 1102      435F4154 
 1102      4F4D4943 
 1102      5F494E54 
 1102      5F4C4F43 
 1103 2d43 01       		.byte	0x1
 1104 2d44 00       		.uleb128 0
 1105 2d45 5F5F4743 		.ascii "__GCC_ATOMIC_LONG_LOCK_FREE 2\0"
 1105      435F4154 
 1105      4F4D4943 
 1105      5F4C4F4E 
 1105      475F4C4F 
 1106 2d63 01       		.byte	0x1
 1107 2d64 00       		.uleb128 0
 1108 2d65 5F5F4743 		.ascii "__GCC_ATOMIC_LLONG_LOCK_FREE 2\0"
 1108      435F4154 
 1108      4F4D4943 
 1108      5F4C4C4F 
 1108      4E475F4C 
 1109 2d84 01       		.byte	0x1
 1110 2d85 00       		.uleb128 0
 1111 2d86 5F5F4743 		.ascii "__GCC_ATOMIC_TEST_AND_SET_TRUEVAL 1\0"
 1111      435F4154 
 1111      4F4D4943 
 1111      5F544553 
 1111      545F414E 
 1112 2daa 01       		.byte	0x1
 1113 2dab 00       		.uleb128 0
 1114 2dac 5F5F4743 		.ascii "__GCC_DESTRUCTIVE_SIZE 64\0"
 1114      435F4445 
 1114      53545255 
 1114      43544956 
 1114      455F5349 
 1115 2dc6 01       		.byte	0x1
 1116 2dc7 00       		.uleb128 0
 1117 2dc8 5F5F4743 		.ascii "__GCC_CONSTRUCTIVE_SIZE 64\0"
 1117      435F434F 
 1117      4E535452 
 1117      55435449 
 1117      56455F53 
 1118 2de3 01       		.byte	0x1
 1119 2de4 00       		.uleb128 0
 1120 2de5 5F5F4743 		.ascii "__GCC_ATOMIC_POINTER_LOCK_FREE 2\0"
 1120      435F4154 
 1120      4F4D4943 
 1120      5F504F49 
 1120      4E544552 
 1121 2e06 01       		.byte	0x1
 1122 2e07 00       		.uleb128 0
 1123 2e08 5F5F4841 		.ascii "__HAVE_SPECULATION_SAFE_VALUE 1\0"
 1123      56455F53 
 1123      50454355 
 1123      4C415449 
 1123      4F4E5F53 
 1124 2e28 01       		.byte	0x1
 1125 2e29 00       		.uleb128 0
 1126 2e2a 5F5F4743 		.ascii "__GCC_HAVE_DWARF2_CFI_ASM 1\0"
 1126      435F4841 
 1126      56455F44 
 1126      57415246 
 1126      325F4346 
 1127 2e46 01       		.byte	0x1
 1128 2e47 00       		.uleb128 0
 1129 2e48 5F5F5052 		.ascii "__PRAGMA_REDEFINE_EXTNAME 1\0"
 1129      41474D41 
 1129      5F524544 
 1129      4546494E 
 1129      455F4558 
 1130 2e64 01       		.byte	0x1
 1131 2e65 00       		.uleb128 0
 1132 2e66 5F5F5349 		.ascii "__SIZEOF_INT128__ 16\0"
 1132      5A454F46 
 1132      5F494E54 
 1132      3132385F 
 1132      5F203136 
 1133 2e7b 01       		.byte	0x1
 1134 2e7c 00       		.uleb128 0
 1135 2e7d 5F5F5349 		.ascii "__SIZEOF_WCHAR_T__ 2\0"
 1135      5A454F46 
 1135      5F574348 
 1135      41525F54 
 1135      5F5F2032 
 1136 2e92 01       		.byte	0x1
 1137 2e93 00       		.uleb128 0
 1138 2e94 5F5F5349 		.ascii "__SIZEOF_WINT_T__ 2\0"
 1138      5A454F46 
 1138      5F57494E 
 1138      545F545F 
 1138      5F203200 
 1139 2ea8 01       		.byte	0x1
 1140 2ea9 00       		.uleb128 0
 1141 2eaa 5F5F5349 		.ascii "__SIZEOF_PTRDIFF_T__ 8\0"
 1141      5A454F46 
 1141      5F505452 
 1141      44494646 
 1141      5F545F5F 
 1142 2ec1 01       		.byte	0x1
 1143 2ec2 00       		.uleb128 0
 1144 2ec3 5F5F616D 		.ascii "__amd64 1\0"
 1144      64363420 
 1144      3100
 1145 2ecd 01       		.byte	0x1
 1146 2ece 00       		.uleb128 0
 1147 2ecf 5F5F616D 		.ascii "__amd64__ 1\0"
 1147      6436345F 
 1147      5F203100 
 1148 2edb 01       		.byte	0x1
 1149 2edc 00       		.uleb128 0
 1150 2edd 5F5F7838 		.ascii "__x86_64 1\0"
 1150      365F3634 
 1150      203100
 1151 2ee8 01       		.byte	0x1
 1152 2ee9 00       		.uleb128 0
 1153 2eea 5F5F7838 		.ascii "__x86_64__ 1\0"
 1153      365F3634 
 1153      5F5F2031 
 1153      00
 1154 2ef7 01       		.byte	0x1
 1155 2ef8 00       		.uleb128 0
 1156 2ef9 5F5F5349 		.ascii "__SIZEOF_FLOAT80__ 16\0"
 1156      5A454F46 
 1156      5F464C4F 
 1156      41543830 
 1156      5F5F2031 
 1157 2f0f 01       		.byte	0x1
 1158 2f10 00       		.uleb128 0
 1159 2f11 5F5F5349 		.ascii "__SIZEOF_FLOAT128__ 16\0"
 1159      5A454F46 
 1159      5F464C4F 
 1159      41543132 
 1159      385F5F20 
 1160 2f28 01       		.byte	0x1
 1161 2f29 00       		.uleb128 0
 1162 2f2a 5F5F4154 		.ascii "__ATOMIC_HLE_ACQUIRE 65536\0"
 1162      4F4D4943 
 1162      5F484C45 
 1162      5F414351 
 1162      55495245 
 1163 2f45 01       		.byte	0x1
 1164 2f46 00       		.uleb128 0
 1165 2f47 5F5F4154 		.ascii "__ATOMIC_HLE_RELEASE 131072\0"
 1165      4F4D4943 
 1165      5F484C45 
 1165      5F52454C 
 1165      45415345 
 1166 2f63 01       		.byte	0x1
 1167 2f64 00       		.uleb128 0
 1168 2f65 5F5F4743 		.ascii "__GCC_ASM_FLAG_OUTPUTS__ 1\0"
 1168      435F4153 
 1168      4D5F464C 
 1168      41475F4F 
 1168      55545055 
 1169 2f80 01       		.byte	0x1
 1170 2f81 00       		.uleb128 0
 1171 2f82 5F5F6E6F 		.ascii "__nocona 1\0"
 1171      636F6E61 
 1171      203100
 1172 2f8d 01       		.byte	0x1
 1173 2f8e 00       		.uleb128 0
 1174 2f8f 5F5F6E6F 		.ascii "__nocona__ 1\0"
 1174      636F6E61 
 1174      5F5F2031 
 1174      00
 1175 2f9c 01       		.byte	0x1
 1176 2f9d 00       		.uleb128 0
 1177 2f9e 5F5F636F 		.ascii "__code_model_medium__ 1\0"
 1177      64655F6D 
 1177      6F64656C 
 1177      5F6D6564 
 1177      69756D5F 
 1178 2fb6 01       		.byte	0x1
 1179 2fb7 00       		.uleb128 0
 1180 2fb8 5F5F4D4D 		.ascii "__MMX__ 1\0"
 1180      585F5F20 
 1180      3100
 1181 2fc2 01       		.byte	0x1
 1182 2fc3 00       		.uleb128 0
 1183 2fc4 5F5F5353 		.ascii "__SSE__ 1\0"
 1183      455F5F20 
 1183      3100
 1184 2fce 01       		.byte	0x1
 1185 2fcf 00       		.uleb128 0
 1186 2fd0 5F5F5353 		.ascii "__SSE2__ 1\0"
 1186      45325F5F 
 1186      203100
 1187 2fdb 01       		.byte	0x1
 1188 2fdc 00       		.uleb128 0
 1189 2fdd 5F5F5353 		.ascii "__SSE3__ 1\0"
 1189      45335F5F 
 1189      203100
 1190 2fe8 01       		.byte	0x1
 1191 2fe9 00       		.uleb128 0
 1192 2fea 5F5F4658 		.ascii "__FXSR__ 1\0"
 1192      53525F5F 
 1192      203100
 1193 2ff5 01       		.byte	0x1
 1194 2ff6 00       		.uleb128 0
 1195 2ff7 5F5F5353 		.ascii "__SSE_MATH__ 1\0"
 1195      455F4D41 
 1195      54485F5F 
 1195      203100
 1196 3006 01       		.byte	0x1
 1197 3007 00       		.uleb128 0
 1198 3008 5F5F5353 		.ascii "__SSE2_MATH__ 1\0"
 1198      45325F4D 
 1198      4154485F 
 1198      5F203100 
 1199 3018 01       		.byte	0x1
 1200 3019 00       		.uleb128 0
 1201 301a 5F5F4D4D 		.ascii "__MMX_WITH_SSE__ 1\0"
 1201      585F5749 
 1201      54485F53 
 1201      53455F5F 
 1201      203100
 1202 302d 01       		.byte	0x1
 1203 302e 00       		.uleb128 0
 1204 302f 5F5F5345 		.ascii "__SEG_FS 1\0"
 1204      475F4653 
 1204      203100
 1205 303a 01       		.byte	0x1
 1206 303b 00       		.uleb128 0
 1207 303c 5F5F5345 		.ascii "__SEG_GS 1\0"
 1207      475F4753 
 1207      203100
 1208 3047 01       		.byte	0x1
 1209 3048 00       		.uleb128 0
 1210 3049 5F5F5345 		.ascii "__SEH__ 1\0"
 1210      485F5F20 
 1210      3100
 1211 3053 01       		.byte	0x1
 1212 3054 00       		.uleb128 0
 1213 3055 5F5F7374 		.ascii "__stdcall __attribute__((__stdcall__))\0"
 1213      6463616C 
 1213      6C205F5F 
 1213      61747472 
 1213      69627574 
 1214 307c 01       		.byte	0x1
 1215 307d 00       		.uleb128 0
 1216 307e 5F5F6661 		.ascii "__fastcall __attribute__((__fastcall__))\0"
 1216      73746361 
 1216      6C6C205F 
 1216      5F617474 
 1216      72696275 
 1217 30a7 01       		.byte	0x1
 1218 30a8 00       		.uleb128 0
 1219 30a9 5F5F7468 		.ascii "__thiscall __attribute__((__thiscall__))\0"
 1219      69736361 
 1219      6C6C205F 
 1219      5F617474 
 1219      72696275 
 1220 30d2 01       		.byte	0x1
 1221 30d3 00       		.uleb128 0
 1222 30d4 5F5F6364 		.ascii "__cdecl __attribute__((__cdecl__))\0"
 1222      65636C20 
 1222      5F5F6174 
 1222      74726962 
 1222      7574655F 
 1223 30f7 01       		.byte	0x1
 1224 30f8 00       		.uleb128 0
 1225 30f9 5F5F4758 		.ascii "__GXX_MERGED_TYPEINFO_NAMES 0\0"
 1225      585F4D45 
 1225      52474544 
 1225      5F545950 
 1225      45494E46 
 1226 3117 01       		.byte	0x1
 1227 3118 00       		.uleb128 0
 1228 3119 5F5F4758 		.ascii "__GXX_TYPEINFO_EQUALITY_INLINE 0\0"
 1228      585F5459 
 1228      5045494E 
 1228      464F5F45 
 1228      5155414C 
 1229 313a 01       		.byte	0x1
 1230 313b 00       		.uleb128 0
 1231 313c 5F5F4D53 		.ascii "__MSVCRT__ 1\0"
 1231      56435254 
 1231      5F5F2031 
 1231      00
 1232 3149 01       		.byte	0x1
 1233 314a 00       		.uleb128 0
 1234 314b 5F5F4D49 		.ascii "__MINGW32__ 1\0"
 1234      4E475733 
 1234      325F5F20 
 1234      3100
 1235 3159 01       		.byte	0x1
 1236 315a 00       		.uleb128 0
 1237 315b 5F57494E 		.ascii "_WIN32 1\0"
 1237      33322031 
 1237      00
 1238 3164 01       		.byte	0x1
 1239 3165 00       		.uleb128 0
 1240 3166 5F5F5749 		.ascii "__WIN32 1\0"
 1240      4E333220 
 1240      3100
 1241 3170 01       		.byte	0x1
 1242 3171 00       		.uleb128 0
 1243 3172 5F5F5749 		.ascii "__WIN32__ 1\0"
 1243      4E33325F 
 1243      5F203100 
 1244 317e 01       		.byte	0x1
 1245 317f 00       		.uleb128 0
 1246 3180 5F5F5749 		.ascii "__WINNT 1\0"
 1246      4E4E5420 
 1246      3100
 1247 318a 01       		.byte	0x1
 1248 318b 00       		.uleb128 0
 1249 318c 5F5F5749 		.ascii "__WINNT__ 1\0"
 1249      4E4E545F 
 1249      5F203100 
 1250 3198 01       		.byte	0x1
 1251 3199 00       		.uleb128 0
 1252 319a 5F494E54 		.ascii "_INTEGRAL_MAX_BITS 64\0"
 1252      45475241 
 1252      4C5F4D41 
 1252      585F4249 
 1252      54532036 
 1253 31b0 01       		.byte	0x1
 1254 31b1 00       		.uleb128 0
 1255 31b2 5F5F4D49 		.ascii "__MINGW64__ 1\0"
 1255      4E475736 
 1255      345F5F20 
 1255      3100
 1256 31c0 01       		.byte	0x1
 1257 31c1 00       		.uleb128 0
 1258 31c2 5F5F5749 		.ascii "__WIN64 1\0"
 1258      4E363420 
 1258      3100
 1259 31cc 01       		.byte	0x1
 1260 31cd 00       		.uleb128 0
 1261 31ce 5F5F5749 		.ascii "__WIN64__ 1\0"
 1261      4E36345F 
 1261      5F203100 
 1262 31da 01       		.byte	0x1
 1263 31db 00       		.uleb128 0
 1264 31dc 5F57494E 		.ascii "_WIN64 1\0"
 1264      36342031 
 1264      00
 1265 31e5 01       		.byte	0x1
 1266 31e6 00       		.uleb128 0
 1267 31e7 5F5F6465 		.ascii "__declspec(x) __attribute__((x))\0"
 1267      636C7370 
 1267      65632878 
 1267      29205F5F 
 1267      61747472 
 1268 3208 01       		.byte	0x1
 1269 3209 00       		.uleb128 0
 1270 320a 5F5F4445 		.ascii "__DECIMAL_BID_FORMAT__ 1\0"
 1270      43494D41 
 1270      4C5F4249 
 1270      445F464F 
 1270      524D4154 
 1271 3223 01       		.byte	0x1
 1272 3224 00       		.uleb128 0
 1273 3225 5F524545 		.ascii "_REENTRANT 1\0"
 1273      4E545241 
 1273      4E542031 
 1273      00
 1274 3232 01       		.byte	0x1
 1275 3233 00       		.uleb128 0
 1276 3234 474E555F 		.ascii "GNU_EFI_USE_MS_ABI 1\0"
 1276      4546495F 
 1276      5553455F 
 1276      4D535F41 
 1276      42492031 
 1277              		.file 1 "C:/Users/victim/source/repos/Paranyok/UEFI/Backend/gnu-efi-3.0.18/lib/x86_64/callwrap.c"
 1278 3249 03       		.byte	0x3
 1279 324a 00       		.uleb128 0
 1280 324b 01       		.uleb128 0x1
 1281 324c 04       		.byte	0x4
 1282 324d 00       		.byte	0
 1283              		.section	.debug_line,"dr"
 1284              	.Ldebug_line0:
 1285 0000 36000000 		.section	.debug_str,"dr"
 1285      05000800 
 1285      2E000000 
 1285      010101FB 
 1285      0E0D0001 
 1286              		.section	.debug_line_str,"dr"
 1287              	.LASF0:
 1288 0000 433A5C55 		.ascii "C:\\Users\\victim\\source\\repos\\Paranyok\\UEFI\\Backend\\gnu-efi-3.0.18\\lib\\x86_64\\ca
 1288      73657273 
 1288      5C766963 
 1288      74696D5C 
 1288      736F7572 
 1289              	.LASF1:
 1290 0058 433A5C55 		.ascii "C:\\Users\\victim\\source\\repos\\Paranyok\\UEFI\\Backend\0"
 1290      73657273 
 1290      5C766963 
 1290      74696D5C 
 1290      736F7572 
 1291 008b 433A2F55 		.ident	"GCC: (Rev1, Built by MSYS2 project) 14.2.0"
 1291      73657273 
 1291      2F766963 
 1291      74696D2F 
 1291      736F7572 
